  [1m[35m (34.1ms)[0m  [1m[35mCREATE TABLE "schema_migrations" ("version" varchar NOT NULL PRIMARY KEY)[0m
  [1m[35m (0.3ms)[0m  [1m[35mCREATE TABLE "ar_internal_metadata" ("key" varchar NOT NULL PRIMARY KEY, "value" varchar, "created_at" datetime(6) NOT NULL, "updated_at" datetime(6) NOT NULL)[0m
  [1m[36mActiveRecord::InternalMetadata Load (0.2ms)[0m  [1m[34mSELECT * FROM "ar_internal_metadata" WHERE "ar_internal_metadata"."key" = ? ORDER BY "ar_internal_metadata"."key" ASC LIMIT 1[0m  [[nil, "environment"]]
  [1m[36mActiveRecord::InternalMetadata Create (0.3ms)[0m  [1m[32mINSERT INTO "ar_internal_metadata" ("key", "value", "created_at", "updated_at") VALUES ('environment', 'development', '2024-08-15 10:29:33.886154', '2024-08-15 10:29:33.886160') RETURNING "key"[0m
  [1m[36mActiveRecord::SchemaMigration Load (0.1ms)[0m  [1m[34mSELECT "schema_migrations"."version" FROM "schema_migrations" ORDER BY "schema_migrations"."version" ASC[0m
Migrating to DeviseCreateUsers (20240815102836)
  [1m[36mTRANSACTION (0.1ms)[0m  [1m[36mbegin transaction[0m
  [1m[35m (1.9ms)[0m  [1m[35mCREATE TABLE "users" ("id" integer PRIMARY KEY AUTOINCREMENT NOT NULL, "email" varchar DEFAULT '' NOT NULL, "encrypted_password" varchar DEFAULT '' NOT NULL, "reset_password_token" varchar, "reset_password_sent_at" datetime(6), "remember_created_at" datetime(6), "created_at" datetime(6) NOT NULL, "updated_at" datetime(6) NOT NULL)[0m
  [1m[35m (0.3ms)[0m  [1m[35mCREATE UNIQUE INDEX "index_users_on_email" ON "users" ("email")[0m
  [1m[35m (0.2ms)[0m  [1m[35mCREATE UNIQUE INDEX "index_users_on_reset_password_token" ON "users" ("reset_password_token")[0m
  [1m[36mActiveRecord::SchemaMigration Create (0.2ms)[0m  [1m[32mINSERT INTO "schema_migrations" ("version") VALUES ('20240815102836') RETURNING "version"[0m
  [1m[36mTRANSACTION (0.2ms)[0m  [1m[36mcommit transaction[0m
  [1m[36mActiveRecord::SchemaMigration Load (0.1ms)[0m  [1m[34mSELECT "schema_migrations"."version" FROM "schema_migrations" ORDER BY "schema_migrations"."version" ASC[0m
  [1m[36mActiveRecord::InternalMetadata Load (3.6ms)[0m  [1m[34mSELECT * FROM "ar_internal_metadata" WHERE "ar_internal_metadata"."key" = ? ORDER BY "ar_internal_metadata"."key" ASC LIMIT 1[0m  [[nil, "environment"]]
  [1m[36mActiveRecord::SchemaMigration Load (0.1ms)[0m  [1m[34mSELECT "schema_migrations"."version" FROM "schema_migrations" ORDER BY "schema_migrations"."version" ASC[0m
Migrating to AddFieldsToUsers (20240815103044)
  [1m[36mTRANSACTION (0.1ms)[0m  [1m[36mbegin transaction[0m
  [1m[35m (2.1ms)[0m  [1m[35mALTER TABLE "users" ADD "admin" boolean DEFAULT 0[0m
  [1m[36mActiveRecord::SchemaMigration Create (0.2ms)[0m  [1m[32mINSERT INTO "schema_migrations" ("version") VALUES ('20240815103044') RETURNING "version"[0m
  [1m[36mTRANSACTION (40.0ms)[0m  [1m[36mcommit transaction[0m
  [1m[36mActiveRecord::SchemaMigration Load (0.1ms)[0m  [1m[34mSELECT "schema_migrations"."version" FROM "schema_migrations" ORDER BY "schema_migrations"."version" ASC[0m
  [1m[36mTRANSACTION (0.0ms)[0m  [1m[36mbegin transaction[0m
  [1m[36mUser Exists? (0.4ms)[0m  [1m[34mSELECT 1 AS one FROM "users" WHERE "users"."email" = ? LIMIT ?[0m  [["email", "[FILTERED]"], ["LIMIT", 1]]
  [1m[36mUser Create (0.1ms)[0m  [1m[32mINSERT INTO "users" ("email", "encrypted_password", "reset_password_token", "reset_password_sent_at", "remember_created_at", "created_at", "updated_at", "admin") VALUES (?, ?, ?, ?, ?, ?, ?, ?) RETURNING "id"[0m  [["email", "[FILTERED]"], ["encrypted_password", "[FILTERED]"], ["reset_password_token", "[FILTERED]"], ["reset_password_sent_at", "[FILTERED]"], ["remember_created_at", nil], ["created_at", "2024-08-15 10:34:51.345929"], ["updated_at", "2024-08-15 10:34:51.345929"], ["admin", 0]]
  [1m[36mTRANSACTION (158.0ms)[0m  [1m[36mcommit transaction[0m
  [1m[36mUser Load (0.3ms)[0m  [1m[34mSELECT "users".* FROM "users"[0m
  [1m[36mTRANSACTION (0.1ms)[0m  [1m[36mbegin transaction[0m
  [1m[36mUser Destroy (0.6ms)[0m  [1m[31mDELETE FROM "users" WHERE "users"."id" = ?[0m  [["id", 1]]
  [1m[36mTRANSACTION (0.2ms)[0m  [1m[36mcommit transaction[0m
  [1m[36mActiveRecord::InternalMetadata Load (0.1ms)[0m  [1m[34mSELECT * FROM "ar_internal_metadata" WHERE "ar_internal_metadata"."key" = ? ORDER BY "ar_internal_metadata"."key" ASC LIMIT 1[0m  [[nil, "environment"]]
  [1m[36mActiveRecord::SchemaMigration Load (0.1ms)[0m  [1m[34mSELECT "schema_migrations"."version" FROM "schema_migrations" ORDER BY "schema_migrations"."version" ASC[0m
Migrating to CreateOrganizations (20240815103605)
  [1m[36mTRANSACTION (0.0ms)[0m  [1m[36mbegin transaction[0m
  [1m[35m (1.0ms)[0m  [1m[35mCREATE TABLE "organizations" ("id" integer PRIMARY KEY AUTOINCREMENT NOT NULL, "name" varchar, "created_at" datetime(6) NOT NULL, "updated_at" datetime(6) NOT NULL)[0m
  [1m[36mActiveRecord::SchemaMigration Create (0.1ms)[0m  [1m[32mINSERT INTO "schema_migrations" ("version") VALUES ('20240815103605') RETURNING "version"[0m
  [1m[36mTRANSACTION (135.3ms)[0m  [1m[36mcommit transaction[0m
  [1m[36mActiveRecord::SchemaMigration Load (0.1ms)[0m  [1m[34mSELECT "schema_migrations"."version" FROM "schema_migrations" ORDER BY "schema_migrations"."version" ASC[0m
Started GET "/" for 127.0.0.1 at 2024-08-15 16:26:01 +0545
  [1m[36mActiveRecord::SchemaMigration Load (0.2ms)[0m  [1m[34mSELECT "schema_migrations"."version" FROM "schema_migrations" ORDER BY "schema_migrations"."version" ASC[0m
  
ActiveRecord::PendingMigrationError (

Migrations are pending. To resolve this issue, run:

        bin/rails db:migrate

You have 1 pending migration:

db/migrate/20240815103722_create_memberships.rb


):
  
activerecord (7.2.0) lib/active_record/migration.rb:756:in `check_pending_migrations'
activerecord (7.2.0) lib/active_record/migration.rb:663:in `block (2 levels) in call'
activesupport (7.2.0) lib/active_support/file_update_checker.rb:85:in `execute'
activerecord (7.2.0) lib/active_record/migration.rb:668:in `block in call'
activerecord (7.2.0) lib/active_record/migration.rb:660:in `synchronize'
activerecord (7.2.0) lib/active_record/migration.rb:660:in `call'
actionpack (7.2.0) lib/action_dispatch/middleware/callbacks.rb:31:in `block in call'
activesupport (7.2.0) lib/active_support/callbacks.rb:101:in `run_callbacks'
actionpack (7.2.0) lib/action_dispatch/middleware/callbacks.rb:30:in `call'
actionpack (7.2.0) lib/action_dispatch/middleware/executor.rb:16:in `call'
actionpack (7.2.0) lib/action_dispatch/middleware/actionable_exceptions.rb:18:in `call'
actionpack (7.2.0) lib/action_dispatch/middleware/debug_exceptions.rb:31:in `call'
web-console (4.2.1) lib/web_console/middleware.rb:132:in `call_app'
web-console (4.2.1) lib/web_console/middleware.rb:28:in `block in call'
web-console (4.2.1) lib/web_console/middleware.rb:17:in `catch'
web-console (4.2.1) lib/web_console/middleware.rb:17:in `call'
actionpack (7.2.0) lib/action_dispatch/middleware/show_exceptions.rb:32:in `call'
railties (7.2.0) lib/rails/rack/logger.rb:41:in `call_app'
railties (7.2.0) lib/rails/rack/logger.rb:29:in `call'
sprockets-rails (3.5.2) lib/sprockets/rails/quiet_assets.rb:17:in `call'
actionpack (7.2.0) lib/action_dispatch/middleware/remote_ip.rb:96:in `call'
actionpack (7.2.0) lib/action_dispatch/middleware/request_id.rb:33:in `call'
rack (3.1.7) lib/rack/method_override.rb:28:in `call'
rack (3.1.7) lib/rack/runtime.rb:24:in `call'
activesupport (7.2.0) lib/active_support/cache/strategy/local_cache_middleware.rb:29:in `call'
actionpack (7.2.0) lib/action_dispatch/middleware/server_timing.rb:61:in `block in call'
actionpack (7.2.0) lib/action_dispatch/middleware/server_timing.rb:26:in `collect_events'
actionpack (7.2.0) lib/action_dispatch/middleware/server_timing.rb:60:in `call'
actionpack (7.2.0) lib/action_dispatch/middleware/executor.rb:16:in `call'
actionpack (7.2.0) lib/action_dispatch/middleware/static.rb:27:in `call'
rack (3.1.7) lib/rack/sendfile.rb:114:in `call'
actionpack (7.2.0) lib/action_dispatch/middleware/host_authorization.rb:143:in `call'
railties (7.2.0) lib/rails/engine.rb:535:in `call'
puma (6.4.2) lib/puma/configuration.rb:272:in `call'
puma (6.4.2) lib/puma/request.rb:100:in `block in handle_request'
puma (6.4.2) lib/puma/thread_pool.rb:378:in `with_force_shutdown'
puma (6.4.2) lib/puma/request.rb:99:in `handle_request'
puma (6.4.2) lib/puma/server.rb:464:in `process_client'
puma (6.4.2) lib/puma/server.rb:245:in `block in run'
puma (6.4.2) lib/puma/thread_pool.rb:155:in `block in spawn_thread'
Started POST "/rails/actions" for 127.0.0.1 at 2024-08-15 16:26:15 +0545
  [1m[36mActiveRecord::InternalMetadata Load (0.3ms)[0m  [1m[34mSELECT * FROM "ar_internal_metadata" WHERE "ar_internal_metadata"."key" = ? ORDER BY "ar_internal_metadata"."key" ASC LIMIT 1[0m  [[nil, "environment"]]
  [1m[36mActiveRecord::SchemaMigration Load (0.3ms)[0m  [1m[34mSELECT "schema_migrations"."version" FROM "schema_migrations" ORDER BY "schema_migrations"."version" ASC[0m
Migrating to CreateMemberships (20240815103722)
  [1m[36mTRANSACTION (0.1ms)[0m  [1m[36mbegin transaction[0m
  [1m[35m (2.1ms)[0m  [1m[35mCREATE TABLE "memberships" ("id" integer PRIMARY KEY AUTOINCREMENT NOT NULL, "organization_id" integer, "user_id" integer, "created_at" datetime(6) NOT NULL, "updated_at" datetime(6) NOT NULL)[0m
  [1m[36mActiveRecord::SchemaMigration Create (0.3ms)[0m  [1m[32mINSERT INTO "schema_migrations" ("version") VALUES ('20240815103722') RETURNING "version"[0m
  [1m[36mTRANSACTION (33.7ms)[0m  [1m[36mcommit transaction[0m
  [1m[36mActiveRecord::SchemaMigration Load (0.1ms)[0m  [1m[34mSELECT "schema_migrations"."version" FROM "schema_migrations" ORDER BY "schema_migrations"."version" ASC[0m
Started GET "/" for 127.0.0.1 at 2024-08-15 16:26:15 +0545
  [1m[36mActiveRecord::SchemaMigration Load (0.1ms)[0m  [1m[34mSELECT "schema_migrations"."version" FROM "schema_migrations" ORDER BY "schema_migrations"."version" ASC[0m
  
ActionController::RoutingError (uninitialized constant HomeController):

Causes:
ActionDispatch::MissingController (uninitialized constant HomeController)
NameError (uninitialized constant HomeController)
  
Started GET "/" for 127.0.0.1 at 2024-08-15 16:27:01 +0545
  
ActionController::RoutingError (uninitialized constant HomeController):

Causes:
ActionDispatch::MissingController (uninitialized constant HomeController)
NameError (uninitialized constant HomeController)
  
Started GET "/" for 127.0.0.1 at 2024-08-15 16:27:04 +0545
  
ActionController::RoutingError (uninitialized constant HomeController):

Causes:
ActionDispatch::MissingController (uninitialized constant HomeController)
NameError (uninitialized constant HomeController)
  
Started GET "/" for 127.0.0.1 at 2024-08-15 16:27:04 +0545
  
ActionController::RoutingError (uninitialized constant HomeController):

Causes:
ActionDispatch::MissingController (uninitialized constant HomeController)
NameError (uninitialized constant HomeController)
  
Started GET "/" for 127.0.0.1 at 2024-08-15 16:27:04 +0545
  
ActionController::RoutingError (uninitialized constant HomeController):

Causes:
ActionDispatch::MissingController (uninitialized constant HomeController)
NameError (uninitialized constant HomeController)
  
Started GET "/" for 127.0.0.1 at 2024-08-15 16:27:04 +0545
  
ActionController::RoutingError (uninitialized constant HomeController):

Causes:
ActionDispatch::MissingController (uninitialized constant HomeController)
NameError (uninitialized constant HomeController)
  
Started GET "/" for 127.0.0.1 at 2024-08-15 16:27:04 +0545
  
ActionController::RoutingError (uninitialized constant HomeController):

Causes:
ActionDispatch::MissingController (uninitialized constant HomeController)
NameError (uninitialized constant HomeController)
  
Started GET "/" for 127.0.0.1 at 2024-08-15 16:27:05 +0545
  
ActionController::RoutingError (uninitialized constant HomeController):

Causes:
ActionDispatch::MissingController (uninitialized constant HomeController)
NameError (uninitialized constant HomeController)
  
Started GET "/" for 127.0.0.1 at 2024-08-15 16:27:05 +0545
  
ActionController::RoutingError (uninitialized constant HomeController):

Causes:
ActionDispatch::MissingController (uninitialized constant HomeController)
NameError (uninitialized constant HomeController)
  
Started GET "/" for 127.0.0.1 at 2024-08-15 16:27:06 +0545
  
ActionController::RoutingError (uninitialized constant HomeController):

Causes:
ActionDispatch::MissingController (uninitialized constant HomeController)
NameError (uninitialized constant HomeController)
  
Started GET "/" for 127.0.0.1 at 2024-08-15 16:27:06 +0545
  
ActionController::RoutingError (uninitialized constant HomeController):

Causes:
ActionDispatch::MissingController (uninitialized constant HomeController)
NameError (uninitialized constant HomeController)
  
Started GET "/" for 127.0.0.1 at 2024-08-15 16:27:06 +0545
  
ActionController::RoutingError (uninitialized constant HomeController):

Causes:
ActionDispatch::MissingController (uninitialized constant HomeController)
NameError (uninitialized constant HomeController)
  
Started GET "/" for 127.0.0.1 at 2024-08-15 16:27:06 +0545
  
ActionController::RoutingError (uninitialized constant HomeController):

Causes:
ActionDispatch::MissingController (uninitialized constant HomeController)
NameError (uninitialized constant HomeController)
  
Started GET "/" for 127.0.0.1 at 2024-08-15 16:27:31 +0545
Processing by HomesController#index as HTML
  Rendering layout layouts/application.html.erb
  Rendering homes/index.html.erb within layouts/application
  Rendered homes/index.html.erb within layouts/application (Duration: 0.6ms | GC: 0.0ms)
  Rendered layout layouts/application.html.erb (Duration: 662.5ms | GC: 49.2ms)
Completed 200 OK in 725ms (Views: 678.4ms | ActiveRecord: 0.0ms (0 queries, 0 cached) | GC: 49.2ms)


Started GET "/" for 127.0.0.1 at 2024-08-15 16:27:32 +0545
Processing by HomesController#index as HTML
  Rendering layout layouts/application.html.erb
  Rendering homes/index.html.erb within layouts/application
  Rendered homes/index.html.erb within layouts/application (Duration: 0.2ms | GC: 0.0ms)
  Rendered layout layouts/application.html.erb (Duration: 3.7ms | GC: 0.0ms)
Completed 200 OK in 5ms (Views: 4.4ms | ActiveRecord: 0.0ms (0 queries, 0 cached) | GC: 0.0ms)


Started GET "/manifest.json" for 127.0.0.1 at 2024-08-15 16:27:32 +0545
Processing by Rails::PwaController#manifest as JSON
  Rendering pwa/manifest.json.erb
  Rendered pwa/manifest.json.erb (Duration: 0.7ms | GC: 0.0ms)
Completed 200 OK in 18ms (Views: 16.9ms | ActiveRecord: 0.0ms (0 queries, 0 cached) | GC: 0.0ms)


Started GET "/users/sign_up" for 127.0.0.1 at 2024-08-15 16:27:42 +0545
Processing by Devise::RegistrationsController#new as HTML
  Rendering layout layouts/application.html.erb
  Rendering /home/ankita/.asdf/installs/ruby/3.3.3/lib/ruby/gems/3.3.0/gems/devise-4.9.4/app/views/devise/registrations/new.html.erb within layouts/application
  Rendered /home/ankita/.asdf/installs/ruby/3.3.3/lib/ruby/gems/3.3.0/gems/devise-4.9.4/app/views/devise/shared/_error_messages.html.erb (Duration: 0.6ms | GC: 0.0ms)
  Rendered /home/ankita/.asdf/installs/ruby/3.3.3/lib/ruby/gems/3.3.0/gems/devise-4.9.4/app/views/devise/shared/_links.html.erb (Duration: 1.0ms | GC: 0.0ms)
  Rendered /home/ankita/.asdf/installs/ruby/3.3.3/lib/ruby/gems/3.3.0/gems/devise-4.9.4/app/views/devise/registrations/new.html.erb within layouts/application (Duration: 15.1ms | GC: 0.2ms)
  Rendered layout layouts/application.html.erb (Duration: 17.0ms | GC: 0.2ms)
Completed 200 OK in 51ms (Views: 20.1ms | ActiveRecord: 1.7ms (0 queries, 0 cached) | GC: 0.7ms)


Started GET "/manifest.json" for 127.0.0.1 at 2024-08-15 16:27:42 +0545
Processing by Rails::PwaController#manifest as JSON
  Rendering pwa/manifest.json.erb
  Rendered pwa/manifest.json.erb (Duration: 0.2ms | GC: 0.0ms)
Completed 200 OK in 2ms (Views: 1.5ms | ActiveRecord: 0.0ms (0 queries, 0 cached) | GC: 0.7ms)


Started GET "/" for 127.0.0.1 at 2024-08-15 16:30:00 +0545
Processing by HomesController#index as HTML
  Rendering layout layouts/application.html.erb
  Rendering homes/index.html.erb within layouts/application
  Rendered homes/index.html.erb within layouts/application (Duration: 0.4ms | GC: 0.0ms)
  Rendered layout layouts/application.html.erb (Duration: 9.7ms | GC: 0.7ms)
Completed 200 OK in 12ms (Views: 11.2ms | ActiveRecord: 0.0ms (0 queries, 0 cached) | GC: 1.1ms)


Started GET "/manifest.json" for 127.0.0.1 at 2024-08-15 16:30:00 +0545
Processing by Rails::PwaController#manifest as JSON
  Rendering pwa/manifest.json.erb
  Rendered pwa/manifest.json.erb (Duration: 0.4ms | GC: 0.0ms)
Completed 200 OK in 3ms (Views: 2.2ms | ActiveRecord: 0.0ms (0 queries, 0 cached) | GC: 0.0ms)


Started GET "/users/sign_in" for 127.0.0.1 at 2024-08-15 16:30:01 +0545
Processing by Devise::SessionsController#new as HTML
  Rendering layout layouts/application.html.erb
  Rendering /home/ankita/.asdf/installs/ruby/3.3.3/lib/ruby/gems/3.3.0/gems/devise-4.9.4/app/views/devise/sessions/new.html.erb within layouts/application
  Rendered /home/ankita/.asdf/installs/ruby/3.3.3/lib/ruby/gems/3.3.0/gems/devise-4.9.4/app/views/devise/shared/_links.html.erb (Duration: 1.3ms | GC: 0.0ms)
  Rendered /home/ankita/.asdf/installs/ruby/3.3.3/lib/ruby/gems/3.3.0/gems/devise-4.9.4/app/views/devise/sessions/new.html.erb within layouts/application (Duration: 10.6ms | GC: 0.0ms)
  Rendered layout layouts/application.html.erb (Duration: 12.7ms | GC: 0.0ms)
Completed 200 OK in 61ms (Views: 21.0ms | ActiveRecord: 2.2ms (0 queries, 0 cached) | GC: 1.5ms)


Started GET "/users/sign_up" for 127.0.0.1 at 2024-08-15 16:30:05 +0545
Processing by Devise::RegistrationsController#new as HTML
  Rendering layout layouts/application.html.erb
  Rendering /home/ankita/.asdf/installs/ruby/3.3.3/lib/ruby/gems/3.3.0/gems/devise-4.9.4/app/views/devise/registrations/new.html.erb within layouts/application
  Rendered /home/ankita/.asdf/installs/ruby/3.3.3/lib/ruby/gems/3.3.0/gems/devise-4.9.4/app/views/devise/shared/_error_messages.html.erb (Duration: 0.8ms | GC: 0.0ms)
  Rendered /home/ankita/.asdf/installs/ruby/3.3.3/lib/ruby/gems/3.3.0/gems/devise-4.9.4/app/views/devise/shared/_links.html.erb (Duration: 0.4ms | GC: 0.0ms)
  Rendered /home/ankita/.asdf/installs/ruby/3.3.3/lib/ruby/gems/3.3.0/gems/devise-4.9.4/app/views/devise/registrations/new.html.erb within layouts/application (Duration: 5.7ms | GC: 0.4ms)
  Rendered layout layouts/application.html.erb (Duration: 8.3ms | GC: 0.4ms)
Completed 200 OK in 12ms (Views: 9.5ms | ActiveRecord: 0.0ms (0 queries, 0 cached) | GC: 0.4ms)


Started GET "/users/sign_in" for 127.0.0.1 at 2024-08-15 16:30:08 +0545
Processing by Devise::SessionsController#new as HTML
  Rendering layout layouts/application.html.erb
  Rendering /home/ankita/.asdf/installs/ruby/3.3.3/lib/ruby/gems/3.3.0/gems/devise-4.9.4/app/views/devise/sessions/new.html.erb within layouts/application
  Rendered /home/ankita/.asdf/installs/ruby/3.3.3/lib/ruby/gems/3.3.0/gems/devise-4.9.4/app/views/devise/shared/_links.html.erb (Duration: 0.5ms | GC: 0.0ms)
  Rendered /home/ankita/.asdf/installs/ruby/3.3.3/lib/ruby/gems/3.3.0/gems/devise-4.9.4/app/views/devise/sessions/new.html.erb within layouts/application (Duration: 3.5ms | GC: 0.0ms)
  Rendered layout layouts/application.html.erb (Duration: 7.3ms | GC: 0.0ms)
Completed 200 OK in 11ms (Views: 8.2ms | ActiveRecord: 0.0ms (0 queries, 0 cached) | GC: 0.0ms)


Started GET "/users/sign_up" for 127.0.0.1 at 2024-08-15 16:30:53 +0545
Processing by Devise::RegistrationsController#new as HTML
  Rendering layout layouts/application.html.erb
  Rendering /home/ankita/.asdf/installs/ruby/3.3.3/lib/ruby/gems/3.3.0/gems/devise-4.9.4/app/views/devise/registrations/new.html.erb within layouts/application
  Rendered /home/ankita/.asdf/installs/ruby/3.3.3/lib/ruby/gems/3.3.0/gems/devise-4.9.4/app/views/devise/shared/_error_messages.html.erb (Duration: 0.1ms | GC: 0.0ms)
  Rendered /home/ankita/.asdf/installs/ruby/3.3.3/lib/ruby/gems/3.3.0/gems/devise-4.9.4/app/views/devise/shared/_links.html.erb (Duration: 0.2ms | GC: 0.0ms)
  Rendered /home/ankita/.asdf/installs/ruby/3.3.3/lib/ruby/gems/3.3.0/gems/devise-4.9.4/app/views/devise/registrations/new.html.erb within layouts/application (Duration: 3.1ms | GC: 0.0ms)
  Rendered layout layouts/application.html.erb (Duration: 5.8ms | GC: 0.0ms)
Completed 200 OK in 8ms (Views: 6.5ms | ActiveRecord: 0.0ms (0 queries, 0 cached) | GC: 0.0ms)


  [1m[36mActiveRecord::SchemaMigration Load (0.1ms)[0m  [1m[34mSELECT "schema_migrations"."version" FROM "schema_migrations" ORDER BY "schema_migrations"."version" ASC[0m
  [1m[36mTRANSACTION (0.1ms)[0m  [1m[36mbegin transaction[0m
  [1m[36mUser Exists? (1.3ms)[0m  [1m[34mSELECT 1 AS one FROM "users" WHERE "users"."email" = ? LIMIT ?[0m  [["email", "[FILTERED]"], ["LIMIT", 1]]
  [1m[36mUser Create (0.1ms)[0m  [1m[32mINSERT INTO "users" ("email", "encrypted_password", "reset_password_token", "reset_password_sent_at", "remember_created_at", "created_at", "updated_at", "admin") VALUES (?, ?, ?, ?, ?, ?, ?, ?) RETURNING "id"[0m  [["email", "[FILTERED]"], ["encrypted_password", "[FILTERED]"], ["reset_password_token", "[FILTERED]"], ["reset_password_sent_at", "[FILTERED]"], ["remember_created_at", nil], ["created_at", "2024-08-15 10:50:21.498093"], ["updated_at", "2024-08-15 10:50:21.498093"], ["admin", 1]]
  [1m[36mTRANSACTION (114.0ms)[0m  [1m[36mcommit transaction[0m
Started GET "/users/sign_in" for 127.0.0.1 at 2024-08-15 16:35:37 +0545
Processing by Devise::SessionsController#new as HTML
  Rendering layout layouts/application.html.erb
  Rendering /home/ankita/.asdf/installs/ruby/3.3.3/lib/ruby/gems/3.3.0/gems/devise-4.9.4/app/views/devise/sessions/new.html.erb within layouts/application
  Rendered /home/ankita/.asdf/installs/ruby/3.3.3/lib/ruby/gems/3.3.0/gems/devise-4.9.4/app/views/devise/shared/_links.html.erb (Duration: 0.5ms | GC: 0.0ms)
  Rendered /home/ankita/.asdf/installs/ruby/3.3.3/lib/ruby/gems/3.3.0/gems/devise-4.9.4/app/views/devise/sessions/new.html.erb within layouts/application (Duration: 3.1ms | GC: 0.0ms)
  Rendered layout layouts/application.html.erb (Duration: 6.1ms | GC: 0.0ms)
Completed 200 OK in 9ms (Views: 6.9ms | ActiveRecord: 0.0ms (0 queries, 0 cached) | GC: 0.0ms)


Started GET "/users/password/new" for 127.0.0.1 at 2024-08-15 16:35:38 +0545
Processing by Devise::PasswordsController#new as HTML
  Rendering layout layouts/application.html.erb
  Rendering /home/ankita/.asdf/installs/ruby/3.3.3/lib/ruby/gems/3.3.0/gems/devise-4.9.4/app/views/devise/passwords/new.html.erb within layouts/application
  Rendered /home/ankita/.asdf/installs/ruby/3.3.3/lib/ruby/gems/3.3.0/gems/devise-4.9.4/app/views/devise/shared/_error_messages.html.erb (Duration: 0.1ms | GC: 0.0ms)
  Rendered /home/ankita/.asdf/installs/ruby/3.3.3/lib/ruby/gems/3.3.0/gems/devise-4.9.4/app/views/devise/shared/_links.html.erb (Duration: 0.4ms | GC: 0.0ms)
  Rendered /home/ankita/.asdf/installs/ruby/3.3.3/lib/ruby/gems/3.3.0/gems/devise-4.9.4/app/views/devise/passwords/new.html.erb within layouts/application (Duration: 2.9ms | GC: 0.0ms)
  Rendered layout layouts/application.html.erb (Duration: 5.2ms | GC: 0.0ms)
Completed 200 OK in 9ms (Views: 6.1ms | ActiveRecord: 0.0ms (0 queries, 0 cached) | GC: 0.0ms)


Started GET "/users/sign_up" for 127.0.0.1 at 2024-08-15 16:35:50 +0545
Processing by Devise::RegistrationsController#new as HTML
  Rendering layout layouts/application.html.erb
  Rendering /home/ankita/.asdf/installs/ruby/3.3.3/lib/ruby/gems/3.3.0/gems/devise-4.9.4/app/views/devise/registrations/new.html.erb within layouts/application
  Rendered /home/ankita/.asdf/installs/ruby/3.3.3/lib/ruby/gems/3.3.0/gems/devise-4.9.4/app/views/devise/shared/_error_messages.html.erb (Duration: 0.1ms | GC: 0.0ms)
  Rendered /home/ankita/.asdf/installs/ruby/3.3.3/lib/ruby/gems/3.3.0/gems/devise-4.9.4/app/views/devise/shared/_links.html.erb (Duration: 0.3ms | GC: 0.0ms)
  Rendered /home/ankita/.asdf/installs/ruby/3.3.3/lib/ruby/gems/3.3.0/gems/devise-4.9.4/app/views/devise/registrations/new.html.erb within layouts/application (Duration: 4.0ms | GC: 0.0ms)
  Rendered layout layouts/application.html.erb (Duration: 7.6ms | GC: 0.0ms)
Completed 200 OK in 11ms (Views: 8.5ms | ActiveRecord: 0.0ms (0 queries, 0 cached) | GC: 0.0ms)


Started POST "/users/sign_in" for 127.0.0.1 at 2024-08-15 16:35:51 +0545
Processing by Devise::SessionsController#create as TURBO_STREAM
  Parameters: {"authenticity_token"=>"[FILTERED]", "user"=>{"email"=>"[FILTERED]", "password"=>"[FILTERED]", "remember_me"=>"0"}, "commit"=>"Log in"}
  [1m[36mUser Load (0.3ms)[0m  [1m[34mSELECT "users".* FROM "users" WHERE "users"."email" = ? ORDER BY "users"."id" ASC LIMIT ?[0m  [["email", "[FILTERED]"], ["LIMIT", 1]]
Redirected to http://127.0.0.1:3000/
Completed 303 See Other in 409ms (ActiveRecord: 0.3ms (1 query, 0 cached) | GC: 0.0ms)


Started GET "/" for 127.0.0.1 at 2024-08-15 16:35:52 +0545
Processing by HomesController#index as TURBO_STREAM
  Rendering layout layouts/application.html.erb
  Rendering homes/index.html.erb within layouts/application
  Rendered homes/index.html.erb within layouts/application (Duration: 0.2ms | GC: 0.0ms)
  Rendered layout layouts/application.html.erb (Duration: 8.4ms | GC: 6.3ms)
Completed 200 OK in 9ms (Views: 8.7ms | ActiveRecord: 0.0ms (0 queries, 0 cached) | GC: 6.3ms)


Started GET "/" for 127.0.0.1 at 2024-08-15 16:46:56 +0545
Processing by HomesController#index as HTML
  Rendering layout layouts/application.html.erb
  Rendering homes/index.html.erb within layouts/application
  [1m[36mUser Load (0.7ms)[0m  [1m[34mSELECT "users".* FROM "users" WHERE "users"."id" = ? ORDER BY "users"."id" ASC LIMIT ?[0m  [["id", 2], ["LIMIT", 1]]
  ↳ app/views/homes/index.html.erb:2
  Rendered homes/index.html.erb within layouts/application (Duration: 5.6ms | GC: 0.2ms)
  Rendered layout layouts/application.html.erb (Duration: 15.7ms | GC: 1.0ms)
Completed 200 OK in 18ms (Views: 16.1ms | ActiveRecord: 0.7ms (1 query, 0 cached) | GC: 1.0ms)


Started GET "/manifest.json" for 127.0.0.1 at 2024-08-15 16:46:56 +0545
Processing by Rails::PwaController#manifest as JSON
  Rendering pwa/manifest.json.erb
  Rendered pwa/manifest.json.erb (Duration: 0.4ms | GC: 0.0ms)
Completed 200 OK in 2ms (Views: 1.7ms | ActiveRecord: 0.0ms (0 queries, 0 cached) | GC: 0.0ms)


Started GET "/organizations/new" for 127.0.0.1 at 2024-08-15 16:46:58 +0545
Processing by OrganizationsController#new as HTML
  Rendering layout layouts/application.html.erb
  Rendering organizations/new.html.erb within layouts/application
  Rendered organizations/new.html.erb within layouts/application (Duration: 2.5ms | GC: 0.0ms)
  Rendered layout layouts/application.html.erb (Duration: 5.2ms | GC: 0.0ms)
Completed 200 OK in 17ms (Views: 6.5ms | ActiveRecord: 0.7ms (0 queries, 0 cached) | GC: 0.0ms)


Started GET "/organizations/new" for 127.0.0.1 at 2024-08-15 16:47:00 +0545
Processing by OrganizationsController#new as HTML
  Rendering layout layouts/application.html.erb
  Rendering organizations/new.html.erb within layouts/application
  Rendered organizations/new.html.erb within layouts/application (Duration: 2.3ms | GC: 0.0ms)
  Rendered layout layouts/application.html.erb (Duration: 5.9ms | GC: 0.0ms)
Completed 200 OK in 8ms (Views: 6.8ms | ActiveRecord: 0.0ms (0 queries, 0 cached) | GC: 0.0ms)


Started GET "/manifest.json" for 127.0.0.1 at 2024-08-15 16:47:00 +0545
Processing by Rails::PwaController#manifest as JSON
  Rendering pwa/manifest.json.erb
  Rendered pwa/manifest.json.erb (Duration: 0.2ms | GC: 0.0ms)
Completed 200 OK in 1ms (Views: 0.7ms | ActiveRecord: 0.0ms (0 queries, 0 cached) | GC: 0.0ms)


Started GET "/" for 127.0.0.1 at 2024-08-15 16:47:02 +0545
Processing by HomesController#index as HTML
  Rendering layout layouts/application.html.erb
  Rendering homes/index.html.erb within layouts/application
  [1m[36mUser Load (0.1ms)[0m  [1m[34mSELECT "users".* FROM "users" WHERE "users"."id" = ? ORDER BY "users"."id" ASC LIMIT ?[0m  [["id", 2], ["LIMIT", 1]]
  ↳ app/views/homes/index.html.erb:2
  Rendered homes/index.html.erb within layouts/application (Duration: 3.5ms | GC: 0.0ms)
  Rendered layout layouts/application.html.erb (Duration: 7.2ms | GC: 0.0ms)
Completed 200 OK in 9ms (Views: 7.7ms | ActiveRecord: 0.1ms (1 query, 0 cached) | GC: 0.0ms)


Started GET "/organizations/new" for 127.0.0.1 at 2024-08-15 16:47:02 +0545
Processing by OrganizationsController#new as HTML
  Rendering layout layouts/application.html.erb
  Rendering organizations/new.html.erb within layouts/application
  Rendered organizations/new.html.erb within layouts/application (Duration: 2.8ms | GC: 0.0ms)
  Rendered layout layouts/application.html.erb (Duration: 7.3ms | GC: 0.0ms)
Completed 200 OK in 9ms (Views: 8.2ms | ActiveRecord: 0.0ms (0 queries, 0 cached) | GC: 0.0ms)


Started GET "/organizations/new" for 127.0.0.1 at 2024-08-15 16:47:05 +0545
Processing by OrganizationsController#new as HTML
  Rendering layout layouts/application.html.erb
  Rendering organizations/new.html.erb within layouts/application
  Rendered organizations/new.html.erb within layouts/application (Duration: 2.4ms | GC: 0.0ms)
  Rendered layout layouts/application.html.erb (Duration: 17.9ms | GC: 11.5ms)
Completed 200 OK in 20ms (Views: 18.7ms | ActiveRecord: 0.0ms (0 queries, 0 cached) | GC: 11.5ms)


Started GET "/manifest.json" for 127.0.0.1 at 2024-08-15 16:47:05 +0545
Processing by Rails::PwaController#manifest as JSON
  Rendering pwa/manifest.json.erb
  Rendered pwa/manifest.json.erb (Duration: 1.3ms | GC: 0.0ms)
Completed 200 OK in 5ms (Views: 4.4ms | ActiveRecord: 0.0ms (0 queries, 0 cached) | GC: 0.0ms)


Started GET "/organizations/new" for 127.0.0.1 at 2024-08-15 16:47:05 +0545
Processing by OrganizationsController#new as HTML
  Rendering layout layouts/application.html.erb
  Rendering organizations/new.html.erb within layouts/application
  Rendered organizations/new.html.erb within layouts/application (Duration: 1.9ms | GC: 0.0ms)
  Rendered layout layouts/application.html.erb (Duration: 6.2ms | GC: 1.0ms)
Completed 200 OK in 8ms (Views: 6.9ms | ActiveRecord: 0.0ms (0 queries, 0 cached) | GC: 1.0ms)


Started GET "/manifest.json" for 127.0.0.1 at 2024-08-15 16:47:05 +0545
Processing by Rails::PwaController#manifest as JSON
  Rendering pwa/manifest.json.erb
  Rendered pwa/manifest.json.erb (Duration: 0.2ms | GC: 0.0ms)
Completed 200 OK in 1ms (Views: 0.8ms | ActiveRecord: 0.0ms (0 queries, 0 cached) | GC: 0.0ms)


Started GET "/organizations/new" for 127.0.0.1 at 2024-08-15 16:47:05 +0545
Processing by OrganizationsController#new as HTML
  Rendering layout layouts/application.html.erb
  Rendering organizations/new.html.erb within layouts/application
  Rendered organizations/new.html.erb within layouts/application (Duration: 1.7ms | GC: 0.0ms)
  Rendered layout layouts/application.html.erb (Duration: 5.7ms | GC: 0.8ms)
Completed 200 OK in 8ms (Views: 6.5ms | ActiveRecord: 0.0ms (0 queries, 0 cached) | GC: 0.8ms)


Started GET "/manifest.json" for 127.0.0.1 at 2024-08-15 16:47:05 +0545
Processing by Rails::PwaController#manifest as JSON
  Rendering pwa/manifest.json.erb
  Rendered pwa/manifest.json.erb (Duration: 0.2ms | GC: 0.0ms)
Completed 200 OK in 1ms (Views: 0.7ms | ActiveRecord: 0.0ms (0 queries, 0 cached) | GC: 0.0ms)


Started GET "/" for 127.0.0.1 at 2024-08-15 16:47:07 +0545
Processing by HomesController#index as HTML
  Rendering layout layouts/application.html.erb
  Rendering homes/index.html.erb within layouts/application
  [1m[36mUser Load (0.2ms)[0m  [1m[34mSELECT "users".* FROM "users" WHERE "users"."id" = ? ORDER BY "users"."id" ASC LIMIT ?[0m  [["id", 2], ["LIMIT", 1]]
  ↳ app/views/homes/index.html.erb:2
  Rendered homes/index.html.erb within layouts/application (Duration: 5.7ms | GC: 0.6ms)
  Rendered layout layouts/application.html.erb (Duration: 10.0ms | GC: 0.6ms)
Completed 200 OK in 12ms (Views: 10.6ms | ActiveRecord: 0.2ms (1 query, 0 cached) | GC: 0.6ms)


Started GET "/organizations/new" for 127.0.0.1 at 2024-08-15 16:47:08 +0545
Processing by OrganizationsController#new as HTML
  Rendering layout layouts/application.html.erb
  Rendering organizations/new.html.erb within layouts/application
  Rendered organizations/new.html.erb within layouts/application (Duration: 1.8ms | GC: 0.0ms)
  Rendered layout layouts/application.html.erb (Duration: 6.1ms | GC: 0.8ms)
Completed 200 OK in 8ms (Views: 6.8ms | ActiveRecord: 0.0ms (0 queries, 0 cached) | GC: 0.8ms)


Started GET "/organizations/new" for 127.0.0.1 at 2024-08-15 16:48:32 +0545
Processing by OrganizationsController#new as HTML
  Rendering layout layouts/application.html.erb
  Rendering organizations/new.html.erb within layouts/application
  Rendered organizations/new.html.erb within layouts/application (Duration: 1.8ms | GC: 0.0ms)
  Rendered layout layouts/application.html.erb (Duration: 4.7ms | GC: 0.0ms)
Completed 200 OK in 6ms (Views: 5.4ms | ActiveRecord: 0.0ms (0 queries, 0 cached) | GC: 0.0ms)


Started GET "/users/sign_in" for 127.0.0.1 at 2024-08-15 16:48:33 +0545
Processing by Devise::SessionsController#new as HTML
  [1m[36mUser Load (0.1ms)[0m  [1m[34mSELECT "users".* FROM "users" WHERE "users"."id" = ? ORDER BY "users"."id" ASC LIMIT ?[0m  [["id", 2], ["LIMIT", 1]]
Redirected to http://127.0.0.1:3000/
Filter chain halted as :require_no_authentication rendered or redirected
Completed 302 Found in 5ms (ActiveRecord: 0.1ms (1 query, 0 cached) | GC: 0.0ms)


Started GET "/" for 127.0.0.1 at 2024-08-15 16:48:33 +0545
Processing by HomesController#index as HTML
  Rendering layout layouts/application.html.erb
  Rendering homes/index.html.erb within layouts/application
  [1m[36mUser Load (0.1ms)[0m  [1m[34mSELECT "users".* FROM "users" WHERE "users"."id" = ? ORDER BY "users"."id" ASC LIMIT ?[0m  [["id", 2], ["LIMIT", 1]]
  ↳ app/views/homes/index.html.erb:2
  Rendered homes/index.html.erb within layouts/application (Duration: 3.6ms | GC: 0.4ms)
  Rendered layout layouts/application.html.erb (Duration: 6.9ms | GC: 0.4ms)
Completed 200 OK in 8ms (Views: 7.4ms | ActiveRecord: 0.1ms (1 query, 0 cached) | GC: 0.4ms)


Started GET "/" for 127.0.0.1 at 2024-08-15 16:48:35 +0545
Processing by HomesController#index as HTML
  Rendering layout layouts/application.html.erb
  Rendering homes/index.html.erb within layouts/application
  [1m[36mUser Load (0.1ms)[0m  [1m[34mSELECT "users".* FROM "users" WHERE "users"."id" = ? ORDER BY "users"."id" ASC LIMIT ?[0m  [["id", 2], ["LIMIT", 1]]
  ↳ app/views/homes/index.html.erb:2
  Rendered homes/index.html.erb within layouts/application (Duration: 3.5ms | GC: 0.0ms)
  Rendered layout layouts/application.html.erb (Duration: 6.5ms | GC: 0.0ms)
Completed 200 OK in 8ms (Views: 7.0ms | ActiveRecord: 0.1ms (1 query, 0 cached) | GC: 0.0ms)


Started GET "/manifest.json" for 127.0.0.1 at 2024-08-15 16:48:35 +0545
Processing by Rails::PwaController#manifest as JSON
  Rendering pwa/manifest.json.erb
  Rendered pwa/manifest.json.erb (Duration: 0.2ms | GC: 0.0ms)
Completed 200 OK in 1ms (Views: 0.8ms | ActiveRecord: 0.0ms (0 queries, 0 cached) | GC: 0.0ms)


Started GET "/organizations/new" for 127.0.0.1 at 2024-08-15 16:48:37 +0545
Processing by OrganizationsController#new as HTML
  Rendering layout layouts/application.html.erb
  Rendering organizations/new.html.erb within layouts/application
  Rendered organizations/new.html.erb within layouts/application (Duration: 1.9ms | GC: 0.0ms)
  Rendered layout layouts/application.html.erb (Duration: 4.6ms | GC: 0.0ms)
Completed 200 OK in 6ms (Views: 5.3ms | ActiveRecord: 0.0ms (0 queries, 0 cached) | GC: 0.0ms)


Started GET "/organizations/new" for 127.0.0.1 at 2024-08-15 16:48:37 +0545
Processing by OrganizationsController#new as HTML
  Rendering layout layouts/application.html.erb
  Rendering organizations/new.html.erb within layouts/application
  Rendered organizations/new.html.erb within layouts/application (Duration: 1.8ms | GC: 0.0ms)
  Rendered layout layouts/application.html.erb (Duration: 4.7ms | GC: 0.0ms)
Completed 200 OK in 6ms (Views: 5.3ms | ActiveRecord: 0.0ms (0 queries, 0 cached) | GC: 0.0ms)


Started GET "/organizations/new" for 127.0.0.1 at 2024-08-15 16:48:46 +0545
Processing by OrganizationsController#new as HTML
  Rendering layout layouts/application.html.erb
  Rendering organizations/new.html.erb within layouts/application
  Rendered organizations/new.html.erb within layouts/application (Duration: 2.2ms | GC: 0.0ms)
  Rendered layout layouts/application.html.erb (Duration: 5.3ms | GC: 0.0ms)
Completed 200 OK in 7ms (Views: 6.0ms | ActiveRecord: 0.0ms (0 queries, 0 cached) | GC: 0.0ms)


Started GET "/organizations/new" for 127.0.0.1 at 2024-08-15 16:49:08 +0545
Processing by OrganizationsController#new as HTML
  Rendering layout layouts/application.html.erb
  Rendering organizations/new.html.erb within layouts/application
  Rendered organizations/new.html.erb within layouts/application (Duration: 1.3ms | GC: 0.0ms)
  Rendered layout layouts/application.html.erb (Duration: 12.2ms | GC: 0.6ms)
Completed 200 OK in 18ms (Views: 13.2ms | ActiveRecord: 0.9ms (0 queries, 0 cached) | GC: 0.7ms)


Started GET "/manifest.json" for 127.0.0.1 at 2024-08-15 16:49:08 +0545
Processing by Rails::PwaController#manifest as JSON
  Rendering pwa/manifest.json.erb
  Rendered pwa/manifest.json.erb (Duration: 0.4ms | GC: 0.0ms)
Completed 200 OK in 2ms (Views: 1.6ms | ActiveRecord: 0.0ms (0 queries, 0 cached) | GC: 0.0ms)


Started GET "/organizations/new" for 127.0.0.1 at 2024-08-15 16:49:44 +0545
Processing by OrganizationsController#new as HTML
  Rendering layout layouts/application.html.erb
  Rendering organizations/new.html.erb within layouts/application
  Rendered organizations/new.html.erb within layouts/application (Duration: 2.3ms | GC: 0.0ms)
  Rendered layout layouts/application.html.erb (Duration: 18.4ms | GC: 6.3ms)
Completed 200 OK in 26ms (Views: 20.3ms | ActiveRecord: 0.7ms (0 queries, 0 cached) | GC: 6.3ms)


Started GET "/manifest.json" for 127.0.0.1 at 2024-08-15 16:49:44 +0545
Processing by Rails::PwaController#manifest as JSON
  Rendering pwa/manifest.json.erb
  Rendered pwa/manifest.json.erb (Duration: 0.4ms | GC: 0.0ms)
Completed 200 OK in 2ms (Views: 1.7ms | ActiveRecord: 0.0ms (0 queries, 0 cached) | GC: 0.0ms)


Started GET "/organizations/new" for 127.0.0.1 at 2024-08-15 16:57:48 +0545
Processing by OrganizationsController#new as HTML
  Rendering layout layouts/application.html.erb
  Rendering organizations/new.html.erb within layouts/application
  Rendered organizations/new.html.erb within layouts/application (Duration: 1.6ms | GC: 0.1ms)
  Rendered layout layouts/application.html.erb (Duration: 11.2ms | GC: 0.6ms)
Completed 200 OK in 16ms (Views: 12.0ms | ActiveRecord: 0.0ms (0 queries, 0 cached) | GC: 0.8ms)


Started GET "/manifest.json" for 127.0.0.1 at 2024-08-15 16:57:48 +0545
Processing by Rails::PwaController#manifest as JSON
  Rendering pwa/manifest.json.erb
  Rendered pwa/manifest.json.erb (Duration: 0.4ms | GC: 0.0ms)
Completed 200 OK in 2ms (Views: 1.4ms | ActiveRecord: 0.0ms (0 queries, 0 cached) | GC: 0.0ms)


Started GET "/organizations/new" for 127.0.0.1 at 2024-08-15 16:57:49 +0545
Processing by OrganizationsController#new as HTML
  Rendering layout layouts/application.html.erb
  Rendering organizations/new.html.erb within layouts/application
  Rendered organizations/new.html.erb within layouts/application (Duration: 2.9ms | GC: 0.0ms)
  Rendered layout layouts/application.html.erb (Duration: 5.7ms | GC: 0.0ms)
Completed 200 OK in 7ms (Views: 6.4ms | ActiveRecord: 0.0ms (0 queries, 0 cached) | GC: 0.0ms)


Started GET "/manifest.json" for 127.0.0.1 at 2024-08-15 16:57:49 +0545
Processing by Rails::PwaController#manifest as JSON
  Rendering pwa/manifest.json.erb
  Rendered pwa/manifest.json.erb (Duration: 0.1ms | GC: 0.0ms)
Completed 200 OK in 1ms (Views: 0.3ms | ActiveRecord: 0.0ms (0 queries, 0 cached) | GC: 0.0ms)


Started GET "/organizations/new" for 127.0.0.1 at 2024-08-15 16:57:50 +0545
Processing by OrganizationsController#new as HTML
  Rendering layout layouts/application.html.erb
  Rendering organizations/new.html.erb within layouts/application
  Rendered organizations/new.html.erb within layouts/application (Duration: 1.6ms | GC: 0.0ms)
  Rendered layout layouts/application.html.erb (Duration: 3.3ms | GC: 0.0ms)
Completed 200 OK in 4ms (Views: 3.6ms | ActiveRecord: 0.0ms (0 queries, 0 cached) | GC: 0.0ms)


Started GET "/manifest.json" for 127.0.0.1 at 2024-08-15 16:57:50 +0545
Processing by Rails::PwaController#manifest as JSON
  Rendering pwa/manifest.json.erb
  Rendered pwa/manifest.json.erb (Duration: 0.1ms | GC: 0.0ms)
Completed 200 OK in 1ms (Views: 0.3ms | ActiveRecord: 0.0ms (0 queries, 0 cached) | GC: 0.0ms)


Started GET "/organizations/new" for 127.0.0.1 at 2024-08-15 16:57:50 +0545
Processing by OrganizationsController#new as HTML
  Rendering layout layouts/application.html.erb
  Rendering organizations/new.html.erb within layouts/application
  Rendered organizations/new.html.erb within layouts/application (Duration: 1.8ms | GC: 0.0ms)
  Rendered layout layouts/application.html.erb (Duration: 3.2ms | GC: 0.0ms)
Completed 200 OK in 4ms (Views: 3.6ms | ActiveRecord: 0.0ms (0 queries, 0 cached) | GC: 0.0ms)


Started GET "/manifest.json" for 127.0.0.1 at 2024-08-15 16:57:50 +0545
Processing by Rails::PwaController#manifest as JSON
  Rendering pwa/manifest.json.erb
  Rendered pwa/manifest.json.erb (Duration: 0.1ms | GC: 0.0ms)
Completed 200 OK in 1ms (Views: 0.4ms | ActiveRecord: 0.0ms (0 queries, 0 cached) | GC: 0.0ms)


Started GET "/manifest.json" for 127.0.0.1 at 2024-08-15 16:57:54 +0545
Processing by Rails::PwaController#manifest as JSON
  Rendering pwa/manifest.json.erb
  Rendered pwa/manifest.json.erb (Duration: 0.1ms | GC: 0.0ms)
Completed 200 OK in 1ms (Views: 0.4ms | ActiveRecord: 0.0ms (0 queries, 0 cached) | GC: 0.0ms)


Started GET "/organizations/new" for 127.0.0.1 at 2024-08-15 17:01:48 +0545
Processing by OrganizationsController#new as HTML
  Rendering layout layouts/application.html.erb
  Rendering organizations/new.html.erb within layouts/application
  Rendered organizations/new.html.erb within layouts/application (Duration: 1.6ms | GC: 0.0ms)
  Rendered layout layouts/application.html.erb (Duration: 11.4ms | GC: 0.6ms)
Completed 200 OK in 15ms (Views: 12.1ms | ActiveRecord: 0.0ms (0 queries, 0 cached) | GC: 0.9ms)


Started GET "/manifest.json" for 127.0.0.1 at 2024-08-15 17:01:48 +0545
Processing by Rails::PwaController#manifest as JSON
  Rendering pwa/manifest.json.erb
  Rendered pwa/manifest.json.erb (Duration: 1.0ms | GC: 0.0ms)
Completed 200 OK in 3ms (Views: 3.0ms | ActiveRecord: 0.0ms (0 queries, 0 cached) | GC: 0.0ms)


Started GET "/organizations/new" for 127.0.0.1 at 2024-08-15 17:01:50 +0545
Processing by OrganizationsController#new as HTML
  Rendering layout layouts/application.html.erb
  Rendering organizations/new.html.erb within layouts/application
  Rendered organizations/new.html.erb within layouts/application (Duration: 2.3ms | GC: 0.0ms)
  Rendered layout layouts/application.html.erb (Duration: 4.3ms | GC: 0.0ms)
Completed 200 OK in 6ms (Views: 4.9ms | ActiveRecord: 0.0ms (0 queries, 0 cached) | GC: 0.0ms)


Started GET "/manifest.json" for 127.0.0.1 at 2024-08-15 17:01:50 +0545
Processing by Rails::PwaController#manifest as JSON
  Rendering pwa/manifest.json.erb
  Rendered pwa/manifest.json.erb (Duration: 0.2ms | GC: 0.0ms)
Completed 200 OK in 1ms (Views: 0.9ms | ActiveRecord: 0.0ms (0 queries, 0 cached) | GC: 0.0ms)


Started POST "/organizations" for 127.0.0.1 at 2024-08-15 17:02:10 +0545
Processing by OrganizationsController#create as TURBO_STREAM
  Parameters: {"authenticity_token"=>"[FILTERED]", "organization"=>{"name"=>"pathao", "users"=>{"email"=>"[FILTERED]"}}, "commit"=>"Create Organization"}
[31mUnpermitted parameter: :users. Context: { controller: OrganizationsController, action: create, request: #<ActionDispatch::Request:0x000073d69b40c820>, params: {"authenticity_token"=>"[FILTERED]", "organization"=>{"name"=>"pathao", "users"=>{"email"=>"[FILTERED]"}}, "commit"=>"Create Organization", "controller"=>"organizations", "action"=>"create"} }[0m
Completed 500 Internal Server Error in 469155ms (ActiveRecord: 0.0ms (0 queries, 0 cached) | GC: 99.5ms)


  
SystemExit (exit):
  
(rdbg)//home/ankita/pair-project/app/controllers/organizations_controller.rb:1:in `exit'
(rdbg)//home/ankita/pair-project/app/controllers/organizations_controller.rb:1:in `organization_params'
app/controllers/organizations_controller.rb:12:in `organization_params'
app/controllers/organizations_controller.rb:7:in `create'
Started GET "/organizations/new" for 127.0.0.1 at 2024-08-15 17:10:09 +0545
Processing by OrganizationsController#new as HTML
  Rendering layout layouts/application.html.erb
  Rendering organizations/new.html.erb within layouts/application
  Rendered organizations/new.html.erb within layouts/application (Duration: 2.2ms | GC: 0.0ms)
  Rendered layout layouts/application.html.erb (Duration: 19.8ms | GC: 0.0ms)
Completed 200 OK in 30ms (Views: 21.6ms | ActiveRecord: 0.0ms (0 queries, 0 cached) | GC: 0.0ms)


Started GET "/manifest.json" for 127.0.0.1 at 2024-08-15 17:10:10 +0545
Processing by Rails::PwaController#manifest as JSON
  Rendering pwa/manifest.json.erb
  Rendered pwa/manifest.json.erb (Duration: 1.3ms | GC: 0.0ms)
Completed 200 OK in 8ms (Views: 5.3ms | ActiveRecord: 0.0ms (0 queries, 0 cached) | GC: 0.0ms)


Started POST "/organizations" for 127.0.0.1 at 2024-08-15 17:10:20 +0545
Processing by OrganizationsController#create as TURBO_STREAM
  Parameters: {"authenticity_token"=>"[FILTERED]", "organization"=>{"name"=>"pathao", "users"=>{"email"=>"[FILTERED]"}}, "commit"=>"Create Organization"}
[31mUnpermitted parameter: :users. Context: { controller: OrganizationsController, action: create, request: #<ActionDispatch::Request:0x000073d6a1d41908>, params: {"authenticity_token"=>"[FILTERED]", "organization"=>{"name"=>"pathao", "users"=>{"email"=>"[FILTERED]"}}, "commit"=>"Create Organization", "controller"=>"organizations", "action"=>"create"} }[0m
  [1m[36mTRANSACTION (0.1ms)[0m  [1m[36mbegin transaction[0m
  ↳ app/controllers/organizations_controller.rb:9:in `create'
  [1m[36mOrganization Create (1.1ms)[0m  [1m[32mINSERT INTO "organizations" ("name", "created_at", "updated_at") VALUES (?, ?, ?) RETURNING "id"[0m  [["name", "pathao"], ["created_at", "2024-08-15 11:25:21.090047"], ["updated_at", "2024-08-15 11:25:21.090047"]]
  ↳ app/controllers/organizations_controller.rb:9:in `create'
  [1m[36mTRANSACTION (30.2ms)[0m  [1m[36mcommit transaction[0m
  ↳ app/controllers/organizations_controller.rb:9:in `create'
  [1m[36mTRANSACTION (0.1ms)[0m  [1m[36mbegin transaction[0m
  ↳ app/controllers/organizations_controller.rb:9:in `create'
  [1m[36mUser Exists? (1.7ms)[0m  [1m[34mSELECT 1 AS one FROM "users" WHERE "users"."email" = ? LIMIT ?[0m  [["email", "[FILTERED]"], ["LIMIT", 1]]
  ↳ app/controllers/organizations_controller.rb:9:in `create'
  [1m[36mUser Create (0.2ms)[0m  [1m[32mINSERT INTO "users" ("email", "encrypted_password", "reset_password_token", "reset_password_sent_at", "remember_created_at", "created_at", "updated_at", "admin") VALUES (?, ?, ?, ?, ?, ?, ?, ?) RETURNING "id"[0m  [["email", "[FILTERED]"], ["encrypted_password", "[FILTERED]"], ["reset_password_token", "[FILTERED]"], ["reset_password_sent_at", "[FILTERED]"], ["remember_created_at", nil], ["created_at", "2024-08-15 11:25:21.129500"], ["updated_at", "2024-08-15 11:25:21.129500"], ["admin", 1]]
  ↳ app/controllers/organizations_controller.rb:9:in `create'
  [1m[36mTRANSACTION (0.1ms)[0m  [1m[36mcommit transaction[0m
  ↳ app/controllers/organizations_controller.rb:9:in `create'
  [1m[36mTRANSACTION (0.1ms)[0m  [1m[36mbegin transaction[0m
  ↳ app/controllers/organizations_controller.rb:10:in `create'
  [1m[36mMembership Create (1.6ms)[0m  [1m[32mINSERT INTO "memberships" ("organization_id", "user_id", "created_at", "updated_at") VALUES (?, ?, ?, ?) RETURNING "id"[0m  [["organization_id", 1], ["user_id", 3], ["created_at", "2024-08-15 11:25:21.140623"], ["updated_at", "2024-08-15 11:25:21.140623"]]
  ↳ app/controllers/organizations_controller.rb:10:in `create'
  [1m[36mTRANSACTION (0.1ms)[0m  [1m[36mcommit transaction[0m
  ↳ app/controllers/organizations_controller.rb:10:in `create'
Completed 500 Internal Server Error in 370ms (ActiveRecord: 36.9ms (4 queries, 0 cached) | GC: 6.6ms)


  
NameError (undefined local variable or method `homes_path' for an instance of OrganizationsController):
  
app/controllers/organizations_controller.rb:11:in `create'
Started GET "/organizations/new" for 127.0.0.1 at 2024-08-15 17:11:29 +0545
Processing by OrganizationsController#new as HTML
  Rendering layout layouts/application.html.erb
  Rendering organizations/new.html.erb within layouts/application
  Rendered organizations/new.html.erb within layouts/application (Duration: 5.6ms | GC: 1.4ms)
  Rendered layout layouts/application.html.erb (Duration: 20.3ms | GC: 2.4ms)
Completed 200 OK in 29ms (Views: 22.5ms | ActiveRecord: 0.8ms (0 queries, 0 cached) | GC: 2.7ms)


Started GET "/manifest.json" for 127.0.0.1 at 2024-08-15 17:11:30 +0545
Processing by Rails::PwaController#manifest as JSON
  Rendering pwa/manifest.json.erb
  Rendered pwa/manifest.json.erb (Duration: 0.9ms | GC: 0.0ms)
Completed 200 OK in 4ms (Views: 3.4ms | ActiveRecord: 0.0ms (0 queries, 0 cached) | GC: 0.0ms)


Started POST "/organizations" for 127.0.0.1 at 2024-08-15 17:11:36 +0545
Processing by OrganizationsController#create as TURBO_STREAM
  Parameters: {"authenticity_token"=>"[FILTERED]", "organization"=>{"name"=>"pathao", "users"=>{"email"=>"[FILTERED]"}}, "commit"=>"Create Organization"}
[31mUnpermitted parameter: :users. Context: { controller: OrganizationsController, action: create, request: #<ActionDispatch::Request:0x000073d6a009a7a0>, params: {"authenticity_token"=>"[FILTERED]", "organization"=>{"name"=>"pathao", "users"=>{"email"=>"[FILTERED]"}}, "commit"=>"Create Organization", "controller"=>"organizations", "action"=>"create"} }[0m
  [1m[36mTRANSACTION (0.0ms)[0m  [1m[36mbegin transaction[0m
  ↳ app/controllers/organizations_controller.rb:9:in `create'
  [1m[36mOrganization Create (0.9ms)[0m  [1m[32mINSERT INTO "organizations" ("name", "created_at", "updated_at") VALUES (?, ?, ?) RETURNING "id"[0m  [["name", "pathao"], ["created_at", "2024-08-15 11:26:36.501249"], ["updated_at", "2024-08-15 11:26:36.501249"]]
  ↳ app/controllers/organizations_controller.rb:9:in `create'
  [1m[36mTRANSACTION (257.7ms)[0m  [1m[36mcommit transaction[0m
  ↳ app/controllers/organizations_controller.rb:9:in `create'
  [1m[36mTRANSACTION (0.1ms)[0m  [1m[36mbegin transaction[0m
  ↳ app/controllers/organizations_controller.rb:9:in `create'
  [1m[36mUser Exists? (1.8ms)[0m  [1m[34mSELECT 1 AS one FROM "users" WHERE "users"."email" = ? LIMIT ?[0m  [["email", "[FILTERED]"], ["LIMIT", 1]]
  ↳ app/controllers/organizations_controller.rb:9:in `create'
  [1m[36mTRANSACTION (0.1ms)[0m  [1m[31mrollback transaction[0m
  ↳ app/controllers/organizations_controller.rb:9:in `create'
  Rendering layout layouts/application.html.erb
  Rendering organizations/new.html.erb within layouts/application
  Rendered organizations/new.html.erb within layouts/application (Duration: 3.1ms | GC: 0.0ms)
  Rendered layout layouts/application.html.erb (Duration: 7.4ms | GC: 0.0ms)
Completed 200 OK in 607ms (Views: 8.2ms | ActiveRecord: 261.3ms (2 queries, 0 cached) | GC: 1.1ms)


Started POST "/organizations" for 127.0.0.1 at 2024-08-15 17:11:37 +0545
Processing by OrganizationsController#create as TURBO_STREAM
  Parameters: {"authenticity_token"=>"[FILTERED]", "organization"=>{"name"=>"pathao", "users"=>{"email"=>"[FILTERED]"}}, "commit"=>"Create Organization"}
[31mUnpermitted parameter: :users. Context: { controller: OrganizationsController, action: create, request: #<ActionDispatch::Request:0x000073d69b38b360>, params: {"authenticity_token"=>"[FILTERED]", "organization"=>{"name"=>"pathao", "users"=>{"email"=>"[FILTERED]"}}, "commit"=>"Create Organization", "controller"=>"organizations", "action"=>"create"} }[0m
  [1m[36mTRANSACTION (0.0ms)[0m  [1m[36mbegin transaction[0m
  ↳ app/controllers/organizations_controller.rb:9:in `create'
  [1m[36mOrganization Create (0.8ms)[0m  [1m[32mINSERT INTO "organizations" ("name", "created_at", "updated_at") VALUES (?, ?, ?) RETURNING "id"[0m  [["name", "pathao"], ["created_at", "2024-08-15 11:26:38.159299"], ["updated_at", "2024-08-15 11:26:38.159299"]]
  ↳ app/controllers/organizations_controller.rb:9:in `create'
  [1m[36mTRANSACTION (0.1ms)[0m  [1m[36mcommit transaction[0m
  ↳ app/controllers/organizations_controller.rb:9:in `create'
  [1m[36mTRANSACTION (0.0ms)[0m  [1m[36mbegin transaction[0m
  ↳ app/controllers/organizations_controller.rb:9:in `create'
  [1m[36mUser Exists? (1.2ms)[0m  [1m[34mSELECT 1 AS one FROM "users" WHERE "users"."email" = ? LIMIT ?[0m  [["email", "[FILTERED]"], ["LIMIT", 1]]
  ↳ app/controllers/organizations_controller.rb:9:in `create'
  [1m[36mTRANSACTION (0.1ms)[0m  [1m[31mrollback transaction[0m
  ↳ app/controllers/organizations_controller.rb:9:in `create'
  Rendering layout layouts/application.html.erb
  Rendering organizations/new.html.erb within layouts/application
  Rendered organizations/new.html.erb within layouts/application (Duration: 1.7ms | GC: 0.0ms)
  Rendered layout layouts/application.html.erb (Duration: 3.6ms | GC: 0.0ms)
Completed 200 OK in 281ms (Views: 4.1ms | ActiveRecord: 2.2ms (2 queries, 0 cached) | GC: 0.0ms)


Started POST "/organizations" for 127.0.0.1 at 2024-08-15 17:11:38 +0545
Processing by OrganizationsController#create as TURBO_STREAM
  Parameters: {"authenticity_token"=>"[FILTERED]", "organization"=>{"name"=>"pathao", "users"=>{"email"=>"[FILTERED]"}}, "commit"=>"Create Organization"}
[31mUnpermitted parameter: :users. Context: { controller: OrganizationsController, action: create, request: #<ActionDispatch::Request:0x000073d6a2550838>, params: {"authenticity_token"=>"[FILTERED]", "organization"=>{"name"=>"pathao", "users"=>{"email"=>"[FILTERED]"}}, "commit"=>"Create Organization", "controller"=>"organizations", "action"=>"create"} }[0m
  [1m[36mTRANSACTION (0.0ms)[0m  [1m[36mbegin transaction[0m
  ↳ app/controllers/organizations_controller.rb:9:in `create'
  [1m[36mOrganization Create (0.9ms)[0m  [1m[32mINSERT INTO "organizations" ("name", "created_at", "updated_at") VALUES (?, ?, ?) RETURNING "id"[0m  [["name", "pathao"], ["created_at", "2024-08-15 11:26:39.309391"], ["updated_at", "2024-08-15 11:26:39.309391"]]
  ↳ app/controllers/organizations_controller.rb:9:in `create'
  [1m[36mTRANSACTION (0.1ms)[0m  [1m[36mcommit transaction[0m
  ↳ app/controllers/organizations_controller.rb:9:in `create'
  [1m[36mTRANSACTION (0.0ms)[0m  [1m[36mbegin transaction[0m
  ↳ app/controllers/organizations_controller.rb:9:in `create'
  [1m[36mUser Exists? (1.2ms)[0m  [1m[34mSELECT 1 AS one FROM "users" WHERE "users"."email" = ? LIMIT ?[0m  [["email", "[FILTERED]"], ["LIMIT", 1]]
  ↳ app/controllers/organizations_controller.rb:9:in `create'
  [1m[36mTRANSACTION (0.0ms)[0m  [1m[31mrollback transaction[0m
  ↳ app/controllers/organizations_controller.rb:9:in `create'
  Rendering layout layouts/application.html.erb
  Rendering organizations/new.html.erb within layouts/application
  Rendered organizations/new.html.erb within layouts/application (Duration: 3.4ms | GC: 0.9ms)
  Rendered layout layouts/application.html.erb (Duration: 5.7ms | GC: 0.9ms)
Completed 200 OK in 294ms (Views: 6.2ms | ActiveRecord: 2.2ms (2 queries, 0 cached) | GC: 4.0ms)


Started POST "/organizations" for 127.0.0.1 at 2024-08-15 17:11:39 +0545
Processing by OrganizationsController#create as TURBO_STREAM
  Parameters: {"authenticity_token"=>"[FILTERED]", "organization"=>{"name"=>"pathao", "users"=>{"email"=>"[FILTERED]"}}, "commit"=>"Create Organization"}
[31mUnpermitted parameter: :users. Context: { controller: OrganizationsController, action: create, request: #<ActionDispatch::Request:0x000073d69b1fd480>, params: {"authenticity_token"=>"[FILTERED]", "organization"=>{"name"=>"pathao", "users"=>{"email"=>"[FILTERED]"}}, "commit"=>"Create Organization", "controller"=>"organizations", "action"=>"create"} }[0m
  [1m[36mTRANSACTION (0.0ms)[0m  [1m[36mbegin transaction[0m
  ↳ app/controllers/organizations_controller.rb:9:in `create'
  [1m[36mOrganization Create (0.9ms)[0m  [1m[32mINSERT INTO "organizations" ("name", "created_at", "updated_at") VALUES (?, ?, ?) RETURNING "id"[0m  [["name", "pathao"], ["created_at", "2024-08-15 11:26:39.795310"], ["updated_at", "2024-08-15 11:26:39.795310"]]
  ↳ app/controllers/organizations_controller.rb:9:in `create'
  [1m[36mTRANSACTION (0.1ms)[0m  [1m[36mcommit transaction[0m
  ↳ app/controllers/organizations_controller.rb:9:in `create'
  [1m[36mTRANSACTION (0.0ms)[0m  [1m[36mbegin transaction[0m
  ↳ app/controllers/organizations_controller.rb:9:in `create'
  [1m[36mUser Exists? (1.1ms)[0m  [1m[34mSELECT 1 AS one FROM "users" WHERE "users"."email" = ? LIMIT ?[0m  [["email", "[FILTERED]"], ["LIMIT", 1]]
  ↳ app/controllers/organizations_controller.rb:9:in `create'
  [1m[36mTRANSACTION (0.0ms)[0m  [1m[31mrollback transaction[0m
  ↳ app/controllers/organizations_controller.rb:9:in `create'
  Rendering layout layouts/application.html.erb
  Rendering organizations/new.html.erb within layouts/application
  Rendered organizations/new.html.erb within layouts/application (Duration: 2.4ms | GC: 0.4ms)
  Rendered layout layouts/application.html.erb (Duration: 4.0ms | GC: 0.4ms)
Completed 200 OK in 288ms (Views: 4.4ms | ActiveRecord: 2.1ms (2 queries, 0 cached) | GC: 1.7ms)


Started POST "/organizations" for 127.0.0.1 at 2024-08-15 17:11:39 +0545
Processing by OrganizationsController#create as TURBO_STREAM
  Parameters: {"authenticity_token"=>"[FILTERED]", "organization"=>{"name"=>"pathao", "users"=>{"email"=>"[FILTERED]"}}, "commit"=>"Create Organization"}
[31mUnpermitted parameter: :users. Context: { controller: OrganizationsController, action: create, request: #<ActionDispatch::Request:0x000073d69b0d2da8>, params: {"authenticity_token"=>"[FILTERED]", "organization"=>{"name"=>"pathao", "users"=>{"email"=>"[FILTERED]"}}, "commit"=>"Create Organization", "controller"=>"organizations", "action"=>"create"} }[0m
  [1m[36mTRANSACTION (0.0ms)[0m  [1m[36mbegin transaction[0m
  ↳ app/controllers/organizations_controller.rb:9:in `create'
  [1m[36mOrganization Create (1.1ms)[0m  [1m[32mINSERT INTO "organizations" ("name", "created_at", "updated_at") VALUES (?, ?, ?) RETURNING "id"[0m  [["name", "pathao"], ["created_at", "2024-08-15 11:26:40.145507"], ["updated_at", "2024-08-15 11:26:40.145507"]]
  ↳ app/controllers/organizations_controller.rb:9:in `create'
  [1m[36mTRANSACTION (0.1ms)[0m  [1m[36mcommit transaction[0m
  ↳ app/controllers/organizations_controller.rb:9:in `create'
  [1m[36mTRANSACTION (0.1ms)[0m  [1m[36mbegin transaction[0m
  ↳ app/controllers/organizations_controller.rb:9:in `create'
  [1m[36mUser Exists? (1.2ms)[0m  [1m[34mSELECT 1 AS one FROM "users" WHERE "users"."email" = ? LIMIT ?[0m  [["email", "[FILTERED]"], ["LIMIT", 1]]
  ↳ app/controllers/organizations_controller.rb:9:in `create'
  [1m[36mTRANSACTION (0.0ms)[0m  [1m[31mrollback transaction[0m
  ↳ app/controllers/organizations_controller.rb:9:in `create'
  Rendering layout layouts/application.html.erb
  Rendering organizations/new.html.erb within layouts/application
  Rendered organizations/new.html.erb within layouts/application (Duration: 1.6ms | GC: 0.0ms)
  Rendered layout layouts/application.html.erb (Duration: 4.0ms | GC: 0.3ms)
Completed 200 OK in 282ms (Views: 4.5ms | ActiveRecord: 2.6ms (2 queries, 0 cached) | GC: 0.5ms)


Started GET "/" for 127.0.0.1 at 2024-08-15 17:12:02 +0545
Processing by HomesController#index as HTML
  Rendering layout layouts/application.html.erb
  Rendering homes/index.html.erb within layouts/application
  [1m[36mUser Load (0.2ms)[0m  [1m[34mSELECT "users".* FROM "users" WHERE "users"."id" = ? ORDER BY "users"."id" ASC LIMIT ?[0m  [["id", 2], ["LIMIT", 1]]
  ↳ app/views/homes/index.html.erb:2
  Rendered homes/index.html.erb within layouts/application (Duration: 7.7ms | GC: 1.6ms)
  Rendered layout layouts/application.html.erb (Duration: 9.8ms | GC: 1.6ms)
Completed 200 OK in 12ms (Views: 10.5ms | ActiveRecord: 0.2ms (1 query, 0 cached) | GC: 1.6ms)


Started GET "/users/sign_up" for 127.0.0.1 at 2024-08-15 17:12:04 +0545
Processing by Devise::RegistrationsController#new as HTML
  [1m[36mUser Load (0.1ms)[0m  [1m[34mSELECT "users".* FROM "users" WHERE "users"."id" = ? ORDER BY "users"."id" ASC LIMIT ?[0m  [["id", 2], ["LIMIT", 1]]
Redirected to http://127.0.0.1:3000/
Filter chain halted as :require_no_authentication rendered or redirected
Completed 302 Found in 4ms (ActiveRecord: 0.1ms (1 query, 0 cached) | GC: 0.0ms)


Started GET "/" for 127.0.0.1 at 2024-08-15 17:12:04 +0545
Processing by HomesController#index as HTML
  Rendering layout layouts/application.html.erb
  Rendering homes/index.html.erb within layouts/application
  [1m[36mUser Load (0.1ms)[0m  [1m[34mSELECT "users".* FROM "users" WHERE "users"."id" = ? ORDER BY "users"."id" ASC LIMIT ?[0m  [["id", 2], ["LIMIT", 1]]
  ↳ app/views/homes/index.html.erb:2
  Rendered homes/index.html.erb within layouts/application (Duration: 2.3ms | GC: 0.0ms)
  Rendered layout layouts/application.html.erb (Duration: 4.3ms | GC: 0.0ms)
Completed 200 OK in 5ms (Views: 4.6ms | ActiveRecord: 0.1ms (1 query, 0 cached) | GC: 0.0ms)


Started GET "/" for 127.0.0.1 at 2024-08-15 17:14:15 +0545
Processing by HomesController#index as HTML
  Rendering layout layouts/application.html.erb
  Rendering homes/index.html.erb within layouts/application
  [1m[36mUser Load (0.3ms)[0m  [1m[34mSELECT "users".* FROM "users" WHERE "users"."id" = ? ORDER BY "users"."id" ASC LIMIT ?[0m  [["id", 2], ["LIMIT", 1]]
  ↳ app/views/homes/index.html.erb:2
  Rendered homes/index.html.erb within layouts/application (Duration: 21.1ms | GC: 0.1ms)
  Rendered layout layouts/application.html.erb (Duration: 48.9ms | GC: 1.4ms)
Completed 200 OK in 52ms (Views: 48.3ms | ActiveRecord: 2.7ms (1 query, 0 cached) | GC: 1.4ms)


Started GET "/manifest.json" for 127.0.0.1 at 2024-08-15 17:14:16 +0545
Processing by Rails::PwaController#manifest as JSON
  Rendering pwa/manifest.json.erb
  Rendered pwa/manifest.json.erb (Duration: 1.0ms | GC: 0.0ms)
Completed 200 OK in 5ms (Views: 4.3ms | ActiveRecord: 0.0ms (0 queries, 0 cached) | GC: 0.0ms)


Started DELETE "/users/sign_out" for 127.0.0.1 at 2024-08-15 17:14:17 +0545
Processing by Devise::SessionsController#destroy as HTML
  Parameters: {"authenticity_token"=>"[FILTERED]"}
  [1m[36mUser Load (0.3ms)[0m  [1m[34mSELECT "users".* FROM "users" WHERE "users"."id" = ? ORDER BY "users"."id" ASC LIMIT ?[0m  [["id", 2], ["LIMIT", 1]]
Redirected to http://127.0.0.1:3000/
Completed 303 See Other in 32ms (ActiveRecord: 0.3ms (1 query, 0 cached) | GC: 0.0ms)


Started GET "/" for 127.0.0.1 at 2024-08-15 17:14:17 +0545
Processing by HomesController#index as HTML
  Rendering layout layouts/application.html.erb
  Rendering homes/index.html.erb within layouts/application
  Rendered homes/index.html.erb within layouts/application (Duration: 1.3ms | GC: 0.0ms)
  Rendered layout layouts/application.html.erb (Duration: 5.2ms | GC: 0.0ms)
Completed 200 OK in 7ms (Views: 6.1ms | ActiveRecord: 0.0ms (0 queries, 0 cached) | GC: 0.0ms)


Started GET "/manifest.json" for 127.0.0.1 at 2024-08-15 17:14:17 +0545
Processing by Rails::PwaController#manifest as JSON
  Rendering pwa/manifest.json.erb
  Rendered pwa/manifest.json.erb (Duration: 0.2ms | GC: 0.0ms)
Completed 200 OK in 1ms (Views: 0.7ms | ActiveRecord: 0.0ms (0 queries, 0 cached) | GC: 0.0ms)


Started GET "/users/sign_in" for 127.0.0.1 at 2024-08-15 17:14:26 +0545
Processing by Devise::SessionsController#new as HTML
  Rendering layout layouts/application.html.erb
  Rendering /home/ankita/.asdf/installs/ruby/3.3.3/lib/ruby/gems/3.3.0/gems/devise-4.9.4/app/views/devise/sessions/new.html.erb within layouts/application
  Rendered /home/ankita/.asdf/installs/ruby/3.3.3/lib/ruby/gems/3.3.0/gems/devise-4.9.4/app/views/devise/shared/_links.html.erb (Duration: 2.2ms | GC: 0.0ms)
  Rendered /home/ankita/.asdf/installs/ruby/3.3.3/lib/ruby/gems/3.3.0/gems/devise-4.9.4/app/views/devise/sessions/new.html.erb within layouts/application (Duration: 14.3ms | GC: 7.4ms)
  Rendered layout layouts/application.html.erb (Duration: 16.9ms | GC: 7.4ms)
Completed 200 OK in 23ms (Views: 20.8ms | ActiveRecord: 0.0ms (0 queries, 0 cached) | GC: 7.4ms)


Started POST "/users/sign_in" for 127.0.0.1 at 2024-08-15 17:14:51 +0545
Processing by Devise::SessionsController#create as TURBO_STREAM
  Parameters: {"authenticity_token"=>"[FILTERED]", "user"=>{"email"=>"[FILTERED]", "password"=>"[FILTERED]", "remember_me"=>"0"}, "commit"=>"Log in"}
  [1m[36mUser Load (0.1ms)[0m  [1m[34mSELECT "users".* FROM "users" WHERE "users"."email" = ? ORDER BY "users"."id" ASC LIMIT ?[0m  [["email", "[FILTERED]"], ["LIMIT", 1]]
Redirected to http://127.0.0.1:3000/
Completed 303 See Other in 276ms (ActiveRecord: 0.1ms (1 query, 0 cached) | GC: 0.0ms)


Started GET "/" for 127.0.0.1 at 2024-08-15 17:14:51 +0545
Processing by HomesController#index as TURBO_STREAM
  Rendering layout layouts/application.html.erb
  Rendering homes/index.html.erb within layouts/application
  [1m[36mUser Load (0.1ms)[0m  [1m[34mSELECT "users".* FROM "users" WHERE "users"."id" = ? ORDER BY "users"."id" ASC LIMIT ?[0m  [["id", 2], ["LIMIT", 1]]
  ↳ app/views/homes/index.html.erb:2
  Rendered homes/index.html.erb within layouts/application (Duration: 2.9ms | GC: 0.0ms)
  Rendered layout layouts/application.html.erb (Duration: 4.4ms | GC: 0.0ms)
Completed 200 OK in 5ms (Views: 4.7ms | ActiveRecord: 0.1ms (1 query, 0 cached) | GC: 0.0ms)


Started GET "/organizations/new" for 127.0.0.1 at 2024-08-15 17:14:54 +0545
Processing by OrganizationsController#new as HTML
  Rendering layout layouts/application.html.erb
  Rendering organizations/new.html.erb within layouts/application
  Rendered organizations/new.html.erb within layouts/application (Duration: 1.7ms | GC: 0.0ms)
  Rendered layout layouts/application.html.erb (Duration: 3.0ms | GC: 0.0ms)
Completed 200 OK in 8ms (Views: 3.5ms | ActiveRecord: 0.3ms (0 queries, 0 cached) | GC: 0.3ms)


Started GET "/organizations/new" for 127.0.0.1 at 2024-08-15 17:14:56 +0545
Processing by OrganizationsController#new as HTML
  Rendering layout layouts/application.html.erb
  Rendering organizations/new.html.erb within layouts/application
  Rendered organizations/new.html.erb within layouts/application (Duration: 2.8ms | GC: 0.0ms)
  Rendered layout layouts/application.html.erb (Duration: 5.7ms | GC: 0.3ms)
Completed 200 OK in 7ms (Views: 6.3ms | ActiveRecord: 0.0ms (0 queries, 0 cached) | GC: 0.3ms)


Started GET "/organizations/new" for 127.0.0.1 at 2024-08-15 17:15:50 +0545
Processing by OrganizationsController#new as HTML
  Rendering layout layouts/application.html.erb
  Rendering organizations/new.html.erb within layouts/application
  Rendered organizations/new.html.erb within layouts/application (Duration: 2.6ms | GC: 0.0ms)
  Rendered layout layouts/application.html.erb (Duration: 5.0ms | GC: 0.0ms)
Completed 200 OK in 6ms (Views: 5.5ms | ActiveRecord: 0.0ms (0 queries, 0 cached) | GC: 0.0ms)


  [1m[36mUser Load (0.2ms)[0m  [1m[34mSELECT "users".* FROM "users" ORDER BY "users"."id" DESC LIMIT ?[0m  [["LIMIT", 1]]
  [1m[36mUser Load (0.2ms)[0m  [1m[34mSELECT "users".* FROM "users" ORDER BY "users"."id" DESC LIMIT ?[0m  [["LIMIT", 1]]
  [1m[36mOrganization Load (0.1ms)[0m  [1m[34mSELECT "organizations".* FROM "organizations" ORDER BY "organizations"."id" DESC LIMIT ?[0m  [["LIMIT", 1]]
  [1m[36mOrganization Load (0.2ms)[0m  [1m[34mSELECT "organizations".* FROM "organizations" ORDER BY "organizations"."id" DESC LIMIT ?[0m  [["LIMIT", 1]]
  [1m[36mUser Load (0.1ms)[0m  [1m[34mSELECT "users".* FROM "users" ORDER BY "users"."id" DESC LIMIT ?[0m  [["LIMIT", 1]]
  [1m[36mUser Load (0.2ms)[0m  [1m[34mSELECT "users".* FROM "users" ORDER BY "users"."id" DESC LIMIT ?[0m  [["LIMIT", 1]]
  [1m[36mUser Load (0.1ms)[0m  [1m[34mSELECT "users".* FROM "users" ORDER BY "users"."id" DESC LIMIT ?[0m  [["LIMIT", 1]]
  [1m[36mUser Load (0.1ms)[0m  [1m[34mSELECT "users".* FROM "users" ORDER BY "users"."id" DESC LIMIT ?[0m  [["LIMIT", 1]]
  [1m[36mUser Load (0.2ms)[0m  [1m[34mSELECT "users".* FROM "users" INNER JOIN "memberships" ON "users"."id" = "memberships"."user_id" WHERE "memberships"."user_id" = ? /* loading for pp */ LIMIT ?[0m  [["user_id", 3], ["LIMIT", 11]]
Started GET "/" for 127.0.0.1 at 2024-08-15 17:22:43 +0545
Processing by HomesController#index as HTML
  Rendering layout layouts/application.html.erb
  Rendering homes/index.html.erb within layouts/application
  [1m[36mUser Load (1.0ms)[0m  [1m[34mSELECT "users".* FROM "users" WHERE "users"."id" = ? ORDER BY "users"."id" ASC LIMIT ?[0m  [["id", 2], ["LIMIT", 1]]
  ↳ app/views/homes/index.html.erb:2
  Rendered homes/index.html.erb within layouts/application (Duration: 8.8ms | GC: 0.2ms)
  Rendered layout layouts/application.html.erb (Duration: 18.2ms | GC: 0.5ms)
Completed 200 OK in 21ms (Views: 18.5ms | ActiveRecord: 1.0ms (1 query, 0 cached) | GC: 0.7ms)


Started GET "/manifest.json" for 127.0.0.1 at 2024-08-15 17:22:43 +0545
Processing by Rails::PwaController#manifest as JSON
  Rendering pwa/manifest.json.erb
  Rendered pwa/manifest.json.erb (Duration: 0.5ms | GC: 0.0ms)
Completed 200 OK in 3ms (Views: 2.3ms | ActiveRecord: 0.0ms (0 queries, 0 cached) | GC: 0.0ms)


Started GET "/organizations/new" for 127.0.0.1 at 2024-08-15 17:22:44 +0545
Processing by OrganizationsController#new as HTML
  Rendering layout layouts/application.html.erb
  Rendering organizations/new.html.erb within layouts/application
  Rendered organizations/new.html.erb within layouts/application (Duration: 2.3ms | GC: 0.0ms)
  Rendered layout layouts/application.html.erb (Duration: 4.0ms | GC: 0.0ms)
Completed 200 OK in 9ms (Views: 4.6ms | ActiveRecord: 0.0ms (0 queries, 0 cached) | GC: 0.0ms)


Started GET "/organizations/new" for 127.0.0.1 at 2024-08-15 17:23:07 +0545
Processing by OrganizationsController#new as HTML
  Rendering layout layouts/application.html.erb
  Rendering organizations/new.html.erb within layouts/application
  Rendered organizations/new.html.erb within layouts/application (Duration: 1.0ms | GC: 0.0ms)
  Rendered layout layouts/application.html.erb (Duration: 2.2ms | GC: 0.0ms)
Completed 200 OK in 3ms (Views: 2.4ms | ActiveRecord: 0.0ms (0 queries, 0 cached) | GC: 0.0ms)


Started GET "/organizations/new" for 127.0.0.1 at 2024-08-15 17:23:11 +0545
Processing by OrganizationsController#new as HTML
  Rendering layout layouts/application.html.erb
  Rendering organizations/new.html.erb within layouts/application
  Rendered organizations/new.html.erb within layouts/application (Duration: 2.7ms | GC: 0.0ms)
  Rendered layout layouts/application.html.erb (Duration: 5.4ms | GC: 0.0ms)
Completed 200 OK in 7ms (Views: 6.0ms | ActiveRecord: 0.0ms (0 queries, 0 cached) | GC: 0.0ms)


Started GET "/" for 127.0.0.1 at 2024-08-15 17:24:08 +0545
Processing by HomesController#index as HTML
  Rendering layout layouts/application.html.erb
  Rendering homes/index.html.erb within layouts/application
  [1m[36mUser Load (0.1ms)[0m  [1m[34mSELECT "users".* FROM "users" WHERE "users"."id" = ? ORDER BY "users"."id" ASC LIMIT ?[0m  [["id", 2], ["LIMIT", 1]]
  ↳ app/views/homes/index.html.erb:2
  Rendered homes/index.html.erb within layouts/application (Duration: 7.9ms | GC: 0.1ms)
  Rendered layout layouts/application.html.erb (Duration: 22.2ms | GC: 1.5ms)
Completed 200 OK in 24ms (Views: 22.5ms | ActiveRecord: 0.8ms (1 query, 0 cached) | GC: 1.5ms)


Started GET "/manifest.json" for 127.0.0.1 at 2024-08-15 17:24:09 +0545
Processing by Rails::PwaController#manifest as JSON
  Rendering pwa/manifest.json.erb
  Rendered pwa/manifest.json.erb (Duration: 0.5ms | GC: 0.0ms)
Completed 200 OK in 2ms (Views: 1.9ms | ActiveRecord: 0.0ms (0 queries, 0 cached) | GC: 0.0ms)


Started GET "/organizations" for 127.0.0.1 at 2024-08-15 17:24:09 +0545
  
ActionController::RoutingError (No route matches [GET] "/organizations"):
  
Started GET "/" for 127.0.0.1 at 2024-08-15 17:24:12 +0545
Processing by HomesController#index as HTML
  Rendering layout layouts/application.html.erb
  Rendering homes/index.html.erb within layouts/application
  [1m[36mUser Load (0.1ms)[0m  [1m[34mSELECT "users".* FROM "users" WHERE "users"."id" = ? ORDER BY "users"."id" ASC LIMIT ?[0m  [["id", 2], ["LIMIT", 1]]
  ↳ app/views/homes/index.html.erb:2
  Rendered homes/index.html.erb within layouts/application (Duration: 2.7ms | GC: 0.0ms)
  Rendered layout layouts/application.html.erb (Duration: 5.4ms | GC: 0.0ms)
Completed 200 OK in 6ms (Views: 5.8ms | ActiveRecord: 0.1ms (1 query, 0 cached) | GC: 0.0ms)


Started GET "/manifest.json" for 127.0.0.1 at 2024-08-15 17:24:12 +0545
Processing by Rails::PwaController#manifest as JSON
  Rendering pwa/manifest.json.erb
  Rendered pwa/manifest.json.erb (Duration: 0.1ms | GC: 0.0ms)
Completed 200 OK in 1ms (Views: 0.3ms | ActiveRecord: 0.0ms (0 queries, 0 cached) | GC: 0.0ms)


Started GET "/organizations" for 127.0.0.1 at 2024-08-15 17:27:44 +0545
  
ActionController::RoutingError (No route matches [GET] "/organizations"):
  
Started GET "/" for 127.0.0.1 at 2024-08-15 17:27:46 +0545
Processing by HomesController#index as HTML
  Rendering layout layouts/application.html.erb
  Rendering homes/index.html.erb within layouts/application
  [1m[36mUser Load (0.2ms)[0m  [1m[34mSELECT "users".* FROM "users" WHERE "users"."id" = ? ORDER BY "users"."id" ASC LIMIT ?[0m  [["id", 2], ["LIMIT", 1]]
  ↳ app/views/homes/index.html.erb:2
  Rendered homes/index.html.erb within layouts/application (Duration: 13.9ms | GC: 1.5ms)
  Rendered layout layouts/application.html.erb (Duration: 14.3ms | GC: 1.5ms)
Completed 500 Internal Server Error in 16ms (ActiveRecord: 1.2ms (1 query, 0 cached) | GC: 1.5ms)


  
ActionView::Template::Error (undefined method `each' for nil):

Causes:
NoMethodError (undefined method `each' for nil)
    3:   <%= link_to "Organizations", organizations_path %>
    4:   <%= link_to "Create Organization", new_organization_path %>
    5:   <%= button_to "Log out", destroy_user_session_path, method: :delete, data: { turbo: "false" } %>
    6:   <% @organizations.each do |org| %>
    7:   <%= org.name %>
    8:   <% end %>
    9: 
  
app/views/homes/index.html.erb:6
Started GET "/" for 127.0.0.1 at 2024-08-15 17:32:54 +0545
Processing by HomesController#index as HTML
  Rendering layout layouts/application.html.erb
  Rendering homes/index.html.erb within layouts/application
  [1m[36mUser Load (0.1ms)[0m  [1m[34mSELECT "users".* FROM "users" WHERE "users"."id" = ? ORDER BY "users"."id" ASC LIMIT ?[0m  [["id", 2], ["LIMIT", 1]]
  ↳ app/views/homes/index.html.erb:2
  Rendered homes/index.html.erb within layouts/application (Duration: 27.4ms | GC: 16.6ms)
  Rendered layout layouts/application.html.erb (Duration: 28.3ms | GC: 17.2ms)
Completed 500 Internal Server Error in 31ms (ActiveRecord: 6.3ms (1 query, 0 cached) | GC: 18.3ms)


  
ActionView::Template::Error (undefined method `each' for nil):

Causes:
NoMethodError (undefined method `each' for nil)
    3:   <%= link_to "Organizations", organizations_path %>
    4:   <%= link_to "Create Organization", new_organization_path %>
    5:   <%= button_to "Log out", destroy_user_session_path, method: :delete, data: { turbo: "false" } %>
    6:   <% @organizations.each do |org| %>
    7:   <%= org.name %>
    8:   <% end %>
    9: 
  
app/views/homes/index.html.erb:6
Started GET "/" for 127.0.0.1 at 2024-08-15 17:33:49 +0545
Processing by HomesController#index as HTML
  Rendering layout layouts/application.html.erb
  Rendering homes/index.html.erb within layouts/application
  [1m[36mUser Load (0.2ms)[0m  [1m[34mSELECT "users".* FROM "users" WHERE "users"."id" = ? ORDER BY "users"."id" ASC LIMIT ?[0m  [["id", 2], ["LIMIT", 1]]
  ↳ app/views/homes/index.html.erb:2
  [1m[36mOrganization Load (0.1ms)[0m  [1m[34mSELECT "organizations".* FROM "organizations"[0m
  ↳ app/views/homes/index.html.erb:6
  Rendered homes/index.html.erb within layouts/application (Duration: 13.6ms | GC: 0.2ms)
  Rendered layout layouts/application.html.erb (Duration: 26.3ms | GC: 1.3ms)
Completed 200 OK in 31ms (Views: 26.0ms | ActiveRecord: 1.5ms (2 queries, 0 cached) | GC: 1.5ms)


Started GET "/manifest.json" for 127.0.0.1 at 2024-08-15 17:33:49 +0545
Processing by Rails::PwaController#manifest as JSON
  Rendering pwa/manifest.json.erb
  Rendered pwa/manifest.json.erb (Duration: 0.4ms | GC: 0.0ms)
Completed 200 OK in 2ms (Views: 1.8ms | ActiveRecord: 0.0ms (0 queries, 0 cached) | GC: 0.0ms)


Started GET "/" for 127.0.0.1 at 2024-08-15 17:34:39 +0545
Processing by HomesController#index as HTML
  Rendering layout layouts/application.html.erb
  Rendering homes/index.html.erb within layouts/application
  [1m[36mUser Load (0.2ms)[0m  [1m[34mSELECT "users".* FROM "users" WHERE "users"."id" = ? ORDER BY "users"."id" ASC LIMIT ?[0m  [["id", 2], ["LIMIT", 1]]
  ↳ app/views/homes/index.html.erb:2
  [1m[36mOrganization Load (0.1ms)[0m  [1m[34mSELECT "organizations".* FROM "organizations"[0m
  ↳ app/views/homes/index.html.erb:6
  Rendered homes/index.html.erb within layouts/application (Duration: 14.0ms | GC: 0.0ms)
  Rendered layout layouts/application.html.erb (Duration: 26.1ms | GC: 0.0ms)
Completed 200 OK in 30ms (Views: 25.4ms | ActiveRecord: 1.9ms (2 queries, 0 cached) | GC: 0.0ms)


Started GET "/manifest.json" for 127.0.0.1 at 2024-08-15 17:34:40 +0545
Processing by Rails::PwaController#manifest as JSON
  Rendering pwa/manifest.json.erb
  Rendered pwa/manifest.json.erb (Duration: 0.6ms | GC: 0.0ms)
Completed 200 OK in 3ms (Views: 2.4ms | ActiveRecord: 0.0ms (0 queries, 0 cached) | GC: 0.0ms)


Started GET "/organizations/1" for 127.0.0.1 at 2024-08-15 17:34:41 +0545
Processing by OrganizationsController#show as HTML
  Parameters: {"id"=>"1"}
  [1m[36mOrganization Load (0.1ms)[0m  [1m[34mSELECT "organizations".* FROM "organizations" WHERE "organizations"."id" = ? LIMIT ?[0m  [["id", 1], ["LIMIT", 1]]
  ↳ app/controllers/organizations_controller.rb:19:in `show'
  Rendering layout layouts/application.html.erb
  Rendering organizations/show.html.erb within layouts/application
  Rendered organizations/show.html.erb within layouts/application (Duration: 3.1ms | GC: 0.6ms)
  Rendered layout layouts/application.html.erb (Duration: 4.5ms | GC: 0.6ms)
Completed 200 OK in 7ms (Views: 5.1ms | ActiveRecord: 0.1ms (1 query, 0 cached) | GC: 0.6ms)


Started GET "/organizations/1" for 127.0.0.1 at 2024-08-15 17:34:47 +0545
Processing by OrganizationsController#show as HTML
  Parameters: {"id"=>"1"}
  [1m[36mOrganization Load (0.1ms)[0m  [1m[34mSELECT "organizations".* FROM "organizations" WHERE "organizations"."id" = ? LIMIT ?[0m  [["id", 1], ["LIMIT", 1]]
  ↳ app/controllers/organizations_controller.rb:19:in `show'
  Rendering layout layouts/application.html.erb
  Rendering organizations/show.html.erb within layouts/application
  Rendered organizations/show.html.erb within layouts/application (Duration: 1.1ms | GC: 0.0ms)
  Rendered layout layouts/application.html.erb (Duration: 2.1ms | GC: 0.0ms)
Completed 200 OK in 4ms (Views: 3.1ms | ActiveRecord: 0.1ms (1 query, 0 cached) | GC: 0.6ms)


Started GET "/manifest.json" for 127.0.0.1 at 2024-08-15 17:34:53 +0545
Processing by Rails::PwaController#manifest as JSON
  Rendering pwa/manifest.json.erb
  Rendered pwa/manifest.json.erb (Duration: 0.2ms | GC: 0.0ms)
Completed 200 OK in 1ms (Views: 0.6ms | ActiveRecord: 0.0ms (0 queries, 0 cached) | GC: 0.0ms)


Started GET "/organizations/1" for 127.0.0.1 at 2024-08-15 17:34:55 +0545
Processing by OrganizationsController#show as HTML
  Parameters: {"id"=>"1"}
  [1m[36mOrganization Load (0.2ms)[0m  [1m[34mSELECT "organizations".* FROM "organizations" WHERE "organizations"."id" = ? LIMIT ?[0m  [["id", 1], ["LIMIT", 1]]
  ↳ app/controllers/organizations_controller.rb:19:in `show'
  Rendering layout layouts/application.html.erb
  Rendering organizations/show.html.erb within layouts/application
  Rendered organizations/show.html.erb within layouts/application (Duration: 1.2ms | GC: 0.0ms)
  Rendered layout layouts/application.html.erb (Duration: 2.4ms | GC: 0.0ms)
Completed 200 OK in 6ms (Views: 2.9ms | ActiveRecord: 0.2ms (1 query, 0 cached) | GC: 0.0ms)


Started GET "/organizations/6" for 127.0.0.1 at 2024-08-15 17:35:22 +0545
Processing by OrganizationsController#show as HTML
  Parameters: {"id"=>"6"}
  [1m[36mOrganization Load (0.1ms)[0m  [1m[34mSELECT "organizations".* FROM "organizations" WHERE "organizations"."id" = ? LIMIT ?[0m  [["id", 6], ["LIMIT", 1]]
  ↳ app/controllers/organizations_controller.rb:19:in `show'
  Rendering layout layouts/application.html.erb
  Rendering organizations/show.html.erb within layouts/application
  Rendered organizations/show.html.erb within layouts/application (Duration: 2.1ms | GC: 0.0ms)
  Rendered layout layouts/application.html.erb (Duration: 4.7ms | GC: 0.2ms)
Completed 200 OK in 8ms (Views: 5.3ms | ActiveRecord: 0.1ms (1 query, 0 cached) | GC: 0.2ms)


Started GET "/organizations/6" for 127.0.0.1 at 2024-08-15 17:50:48 +0545
Processing by OrganizationsController#show as HTML
  Parameters: {"id"=>"6"}
  [1m[36mOrganization Load (0.6ms)[0m  [1m[34mSELECT "organizations".* FROM "organizations" WHERE "organizations"."id" = ? LIMIT ?[0m  [["id", 6], ["LIMIT", 1]]
  ↳ app/controllers/organizations_controller.rb:19:in `show'
  Rendering layout layouts/application.html.erb
  Rendering organizations/show.html.erb within layouts/application
  Rendered organizations/show.html.erb within layouts/application (Duration: 1.5ms | GC: 0.0ms)
  Rendered layout layouts/application.html.erb (Duration: 19.5ms | GC: 8.5ms)
Completed 200 OK in 29ms (Views: 20.7ms | ActiveRecord: 0.5ms (1 query, 0 cached) | GC: 8.5ms)


Started GET "/manifest.json" for 127.0.0.1 at 2024-08-15 17:50:48 +0545
Processing by Rails::PwaController#manifest as JSON
  Rendering pwa/manifest.json.erb
  Rendered pwa/manifest.json.erb (Duration: 1.0ms | GC: 0.0ms)
Completed 200 OK in 5ms (Views: 3.8ms | ActiveRecord: 0.0ms (0 queries, 0 cached) | GC: 0.0ms)


Started POST "/organizations/6" for 127.0.0.1 at 2024-08-15 17:50:53 +0545
  
ActionController::RoutingError (No route matches [POST] "/organizations/6"):
  
Started GET "/organizations/6" for 127.0.0.1 at 2024-08-15 17:50:53 +0545
Processing by OrganizationsController#show as HTML
  Parameters: {"id"=>"6"}
  [1m[36mOrganization Load (0.2ms)[0m  [1m[34mSELECT "organizations".* FROM "organizations" WHERE "organizations"."id" = ? LIMIT ?[0m  [["id", 6], ["LIMIT", 1]]
  ↳ app/controllers/organizations_controller.rb:19:in `show'
  Rendering layout layouts/application.html.erb
  Rendering organizations/show.html.erb within layouts/application
  Rendered organizations/show.html.erb within layouts/application (Duration: 2.9ms | GC: 0.0ms)
  Rendered layout layouts/application.html.erb (Duration: 7.7ms | GC: 1.6ms)
Completed 200 OK in 12ms (Views: 8.6ms | ActiveRecord: 0.2ms (1 query, 0 cached) | GC: 1.6ms)


Started GET "/manifest.json" for 127.0.0.1 at 2024-08-15 17:50:53 +0545
Processing by Rails::PwaController#manifest as JSON
  Rendering pwa/manifest.json.erb
  Rendered pwa/manifest.json.erb (Duration: 0.2ms | GC: 0.0ms)
Completed 200 OK in 1ms (Views: 0.6ms | ActiveRecord: 0.0ms (0 queries, 0 cached) | GC: 0.0ms)


Started GET "/organizations/6" for 127.0.0.1 at 2024-08-15 17:54:42 +0545
Processing by OrganizationsController#show as HTML
  Parameters: {"id"=>"6"}
  [1m[36mOrganization Load (0.1ms)[0m  [1m[34mSELECT "organizations".* FROM "organizations" WHERE "organizations"."id" = ? LIMIT ?[0m  [["id", 6], ["LIMIT", 1]]
  ↳ app/controllers/organizations_controller.rb:19:in `show'
  Rendering layout layouts/application.html.erb
  Rendering organizations/show.html.erb within layouts/application
  Rendered organizations/show.html.erb within layouts/application (Duration: 2.6ms | GC: 0.7ms)
  Rendered layout layouts/application.html.erb (Duration: 13.3ms | GC: 0.7ms)
Completed 200 OK in 25ms (Views: 14.5ms | ActiveRecord: 1.3ms (1 query, 0 cached) | GC: 1.0ms)


Started GET "/manifest.json" for 127.0.0.1 at 2024-08-15 17:54:42 +0545
Processing by Rails::PwaController#manifest as JSON
  Rendering pwa/manifest.json.erb
  Rendered pwa/manifest.json.erb (Duration: 0.9ms | GC: 0.0ms)
Completed 200 OK in 4ms (Views: 3.0ms | ActiveRecord: 0.0ms (0 queries, 0 cached) | GC: 0.0ms)


Started POST "/invitations" for 127.0.0.1 at 2024-08-15 17:54:45 +0545
Processing by InvitationsController#invite as TURBO_STREAM
  Parameters: {"authenticity_token"=>"[FILTERED]", "email"=>"[FILTERED]", "organization_id"=>"6", "commit"=>"Save "}
  Rendering layout layouts/mailer.html.erb
  Rendering invitations_mailer/invite.html.erb within layouts/mailer
  Rendered invitations_mailer/invite.html.erb within layouts/mailer (Duration: 0.9ms | GC: 0.0ms)
  Rendered layout layouts/mailer.html.erb (Duration: 1.8ms | GC: 0.0ms)
InvitationsMailer#invite: processed outbound mail in 43.8ms
Delivered mail 66bdf009b1c1c_7b0186246931c@ankita-Aspire-A515-56G.mail (52.8ms)
Date: Thu, 15 Aug 2024 17:54:45 +0545
From: from@example.com
Message-ID: <66bdf009b1c1c_7b0186246931c@ankita-Aspire-A515-56G.mail>
Subject: Invitationss
Mime-Version: 1.0
Content-Type: text/html;
 charset=UTF-8
Content-Transfer-Encoding: 7bit

<!-- BEGIN app/views/layouts/mailer.html.erb --><!DOCTYPE html>
<html>
  <head>
    <meta http-equiv="Content-Type" content="text/html; charset=utf-8">
    <style>
      /* Email styles need to be inline */
    </style>
  </head>

  <body>
    <!-- BEGIN app/views/invitations_mailer/invite.html.erb --><a href="http://127.0.0.1:3000/users/sign_up?org_id=&amp;email=">Click Here</a><!-- END app/views/invitations_mailer/invite.html.erb -->
  </body>
</html>
<!-- END app/views/layouts/mailer.html.erb -->
No template found for InvitationsController#invite, rendering head :no_content
Completed 204 No Content in 190ms (ActiveRecord: 0.0ms (0 queries, 0 cached) | GC: 19.8ms)


Started GET "/users/sign_up?org_id=&amp;email=" for 127.0.0.1 at 2024-08-15 17:55:06 +0545
Processing by Devise::RegistrationsController#new as HTML
  Parameters: {"org_id"=>"", "amp;email"=>"[FILTERED]"}
  [1m[36mUser Load (0.3ms)[0m  [1m[34mSELECT "users".* FROM "users" WHERE "users"."id" = ? ORDER BY "users"."id" ASC LIMIT ?[0m  [["id", 2], ["LIMIT", 1]]
Redirected to http://127.0.0.1:3000/
Filter chain halted as :require_no_authentication rendered or redirected
Completed 302 Found in 25ms (ActiveRecord: 1.4ms (1 query, 0 cached) | GC: 2.1ms)


Started GET "/" for 127.0.0.1 at 2024-08-15 17:55:06 +0545
Processing by HomesController#index as HTML
  Rendering layout layouts/application.html.erb
  Rendering homes/index.html.erb within layouts/application
  [1m[36mUser Load (0.1ms)[0m  [1m[34mSELECT "users".* FROM "users" WHERE "users"."id" = ? ORDER BY "users"."id" ASC LIMIT ?[0m  [["id", 2], ["LIMIT", 1]]
  ↳ app/views/homes/index.html.erb:2
  [1m[36mOrganization Load (0.3ms)[0m  [1m[34mSELECT "organizations".* FROM "organizations"[0m
  ↳ app/views/homes/index.html.erb:6
  Rendered homes/index.html.erb within layouts/application (Duration: 9.1ms | GC: 0.3ms)
  Rendered layout layouts/application.html.erb (Duration: 12.4ms | GC: 0.3ms)
Completed 200 OK in 15ms (Views: 13.5ms | ActiveRecord: 0.4ms (2 queries, 0 cached) | GC: 0.3ms)


Started GET "/manifest.json" for 127.0.0.1 at 2024-08-15 17:55:06 +0545
Processing by Rails::PwaController#manifest as JSON
  Rendering pwa/manifest.json.erb
  Rendered pwa/manifest.json.erb (Duration: 0.2ms | GC: 0.0ms)
Completed 200 OK in 1ms (Views: 0.8ms | ActiveRecord: 0.0ms (0 queries, 0 cached) | GC: 0.0ms)


Started GET "/organizations" for 127.0.0.1 at 2024-08-15 17:55:12 +0545
  
ActionController::RoutingError (No route matches [GET] "/organizations"):
  
Started DELETE "/users/sign_out" for 127.0.0.1 at 2024-08-15 17:55:12 +0545
Processing by Devise::SessionsController#destroy as HTML
  Parameters: {"authenticity_token"=>"[FILTERED]"}
  [1m[36mUser Load (0.1ms)[0m  [1m[34mSELECT "users".* FROM "users" WHERE "users"."id" = ? ORDER BY "users"."id" ASC LIMIT ?[0m  [["id", 2], ["LIMIT", 1]]
Redirected to http://127.0.0.1:3000/
Completed 303 See Other in 9ms (ActiveRecord: 0.1ms (1 query, 0 cached) | GC: 0.0ms)


Started GET "/" for 127.0.0.1 at 2024-08-15 17:55:13 +0545
Processing by HomesController#index as HTML
  Rendering layout layouts/application.html.erb
  Rendering homes/index.html.erb within layouts/application
  Rendered homes/index.html.erb within layouts/application (Duration: 1.0ms | GC: 0.0ms)
  Rendered layout layouts/application.html.erb (Duration: 3.6ms | GC: 0.0ms)
Completed 200 OK in 5ms (Views: 4.1ms | ActiveRecord: 0.0ms (0 queries, 0 cached) | GC: 0.0ms)


Started GET "/manifest.json" for 127.0.0.1 at 2024-08-15 17:55:13 +0545
Processing by Rails::PwaController#manifest as JSON
  Rendering pwa/manifest.json.erb
  Rendered pwa/manifest.json.erb (Duration: 0.1ms | GC: 0.0ms)
Completed 200 OK in 1ms (Views: 0.7ms | ActiveRecord: 0.0ms (0 queries, 0 cached) | GC: 0.2ms)


Started GET "/users/sign_up?org_id=&amp;email=" for 127.0.0.1 at 2024-08-15 17:55:46 +0545
Processing by Devise::RegistrationsController#new as HTML
  Parameters: {"org_id"=>"", "amp;email"=>"[FILTERED]"}
  Rendering layout layouts/application.html.erb
  Rendering /home/ankita/.asdf/installs/ruby/3.3.3/lib/ruby/gems/3.3.0/gems/devise-4.9.4/app/views/devise/registrations/new.html.erb within layouts/application
  Rendered /home/ankita/.asdf/installs/ruby/3.3.3/lib/ruby/gems/3.3.0/gems/devise-4.9.4/app/views/devise/shared/_error_messages.html.erb (Duration: 1.1ms | GC: 0.0ms)
  Rendered /home/ankita/.asdf/installs/ruby/3.3.3/lib/ruby/gems/3.3.0/gems/devise-4.9.4/app/views/devise/shared/_links.html.erb (Duration: 4.7ms | GC: 1.7ms)
  Rendered /home/ankita/.asdf/installs/ruby/3.3.3/lib/ruby/gems/3.3.0/gems/devise-4.9.4/app/views/devise/registrations/new.html.erb within layouts/application (Duration: 13.5ms | GC: 2.0ms)
  Rendered layout layouts/application.html.erb (Duration: 16.8ms | GC: 2.0ms)
Completed 200 OK in 24ms (Views: 21.1ms | ActiveRecord: 0.0ms (0 queries, 0 cached) | GC: 2.0ms)


Started GET "/manifest.json" for 127.0.0.1 at 2024-08-15 17:55:46 +0545
Processing by Rails::PwaController#manifest as JSON
  Rendering pwa/manifest.json.erb
  Rendered pwa/manifest.json.erb (Duration: 0.3ms | GC: 0.0ms)
Completed 200 OK in 2ms (Views: 1.3ms | ActiveRecord: 0.0ms (0 queries, 0 cached) | GC: 0.0ms)


Started POST "/users" for 127.0.0.1 at 2024-08-15 17:56:09 +0545
Processing by Devise::RegistrationsController#create as TURBO_STREAM
  Parameters: {"authenticity_token"=>"[FILTERED]", "user"=>{"email"=>"[FILTERED]", "password"=>"[FILTERED]", "password_confirmation"=>"[FILTERED]"}, "commit"=>"Sign up"}
  [1m[36mTRANSACTION (0.1ms)[0m  [1m[36mbegin transaction[0m
  [1m[36mUser Exists? (1.6ms)[0m  [1m[34mSELECT 1 AS one FROM "users" WHERE "users"."email" = ? LIMIT ?[0m  [["email", "[FILTERED]"], ["LIMIT", 1]]
  [1m[36mUser Create (0.1ms)[0m  [1m[32mINSERT INTO "users" ("email", "encrypted_password", "reset_password_token", "reset_password_sent_at", "remember_created_at", "created_at", "updated_at", "admin") VALUES (?, ?, ?, ?, ?, ?, ?, ?) RETURNING "id"[0m  [["email", "[FILTERED]"], ["encrypted_password", "[FILTERED]"], ["reset_password_token", "[FILTERED]"], ["reset_password_sent_at", "[FILTERED]"], ["remember_created_at", nil], ["created_at", "2024-08-15 12:11:10.296510"], ["updated_at", "2024-08-15 12:11:10.296510"], ["admin", 0]]
  [1m[36mTRANSACTION (38.3ms)[0m  [1m[36mcommit transaction[0m
Redirected to http://127.0.0.1:3000/
Completed 303 See Other in 365ms (ActiveRecord: 40.0ms (2 queries, 0 cached) | GC: 0.0ms)


Started GET "/" for 127.0.0.1 at 2024-08-15 17:56:10 +0545
Processing by HomesController#index as TURBO_STREAM
  Rendering layout layouts/application.html.erb
  Rendering homes/index.html.erb within layouts/application
  [1m[36mUser Load (0.2ms)[0m  [1m[34mSELECT "users".* FROM "users" WHERE "users"."id" = ? ORDER BY "users"."id" ASC LIMIT ?[0m  [["id", 4], ["LIMIT", 1]]
  ↳ app/views/homes/index.html.erb:2
  Rendered homes/index.html.erb within layouts/application (Duration: 4.6ms | GC: 0.0ms)
  Rendered layout layouts/application.html.erb (Duration: 8.2ms | GC: 0.0ms)
Completed 200 OK in 10ms (Views: 8.8ms | ActiveRecord: 0.2ms (1 query, 0 cached) | GC: 0.0ms)


